apport-retrace
apt-transport-https
brightness-controller
build-essential
ca-certificates
ccache
checkinstall
chromium-chromedriver
code
containerd.io
cron
cuda
cuda-keyring
cuda-repo-ubuntu1804-10-2-local-10.2.89-440.33.01
cuda-repo-ubuntu1804-11-0-local
curl
dash
default-jdk
default-jre
diffutils
dirmngr
docker-ce
docker-ce-cli
docker-compose
e2fsprogs
fbreader
ffmpeg
filezilla
findutils
firefox-geckodriver
firefox-locale-en
flatpak
fonts-indic
g++-6
gcc-6
gdb
gdebi-core
gfortran
gimp
git
gnupg
gnupg-agent
google-chrome-stable
gpgv
grep
grub-pc
gzip
hostname
hyphen-en-us
init
kazam
kxstudio-repos
language-pack-en
language-pack-en-base
language-pack-gnome-en
language-pack-gnome-en-base
libasound2-dev
libatlas-base-dev
libavcodec-dev
libavformat-dev
libcudnn8
libcudnn8-dev
libcudnn8-doc
libcurl4-gnutls-dev
libdbusmenu-gtk4
libdc1394-22-dev
libeigen3-dev
libfftw3-dev
libfltk1.3-dev
libfluidsynth-dev
libfreetype6-dev
libfribidi-dev
libgail-common
libgail18
libgig-dev
libglu1-mesa
libglu1-mesa-dev
libgtk-3-dev
libgtk2.0-0
libgtk2.0-bin
libgtk2.0-common
libharfbuzz-dev
libhdf5-serial-dev
libjack-jackd2-dev
libjpeg-dev
libjpeg8-dev
liblapack-dev
liblist-moreutils-perl
libllvm6.0
libmp3lame-dev
libmysqlclient-dev
libnvinfer7
libogg-dev
libopenblas-dev
libopencv-dev
libpng-dev
libqt5x11extras5-dev
libreoffice-help-en-us
libsamplerate0-dev
libsdl1.2-dev
libsndfile1-dev
libsoundio-dev
libssl-dev
libstk0-dev
libswscale-dev
libtbb-dev
libtesseract-dev
libtiff-dev
libv4l-dev
libvorbis-dev
libx264-dev
libxcb-keysyms1-dev
libxcb-util0-dev
libxft-dev
libxi-dev
libxinerama-dev
libxml-perl
libxml2-utils
libxmu-dev
libxvidcore-dev
linux-headers-5.3.0-62-generic
linux-headers-5.4.0-42-generic
linux-image-generic-hwe-18.04
lmms
login
lsb-release
mixxx
mongodb-compass
mongodb-org
mysql-server
mysql-workbench
mythes-en-us
ncurses-base
ncurses-bin
net-tools
nginx
nmap
nvidia-cuda-toolkit
nvidia-machine-learning-repo-ubuntu1804
openssh-client
openssh-server
opera-stable
pandoc
perl
pgadmin4
pgadmin4-desktop
pgadmin4-web
pkg-config
poppler-utils
portaudio19-dev
postgresql
postgresql-contrib
putty
python-dev
python-pil.imagetk
python-pip
python3-dev
python3-lxml
python3-matplotlib
python3-numpy
python3-opencv
python3-pip
python3-scipy
python3-six
python3-tk
qt5-default
qtbase5-dev
qtbase5-private-dev
qttools5-dev
qttools5-dev-tools
r-base
r-base-dev
rabbitmq-server
realvnc-vnc-viewer
redis-server
rospack-tools
rstudio
rstudio-server
sbt
scala
screen
silversearcher-ag
skypeforlinux
slack-desktop
software-properties-common
stk
teams
tesseract-ocr
texlive
texlive-latex-extra
texlive-xetex
thunderbird-locale-en
thunderbird-locale-en-us
tree
ubuntu-desktop
ubuntu-minimal
ubuntu-restricted-addons
ubuntu-standard
ubuntu-wallpapers
udev
unzip
vlc
winehq-stable
wkhtmltopdf
xbacklight
zoom
