Listing...
apport-retrace/bionic-updates,bionic-updates,bionic-security,bionic-security,now 2.20.9-0ubuntu7.28 all [installed]
apt-transport-https/bionic-updates,bionic-updates,now 1.6.14 all [installed]
brightness-controller/bionic,bionic,now 2.2.3-0~201901241201~ubuntu18.04.1 all [installed]
build-essential/bionic,now 12.4ubuntu1 amd64 [installed]
ca-certificates/bionic-updates,bionic-updates,bionic-security,bionic-security,now 20211016~18.04.1 all [installed]
ccache/bionic,now 3.4.1-1 amd64 [installed]
checkinstall/bionic,now 1.6.2-4ubuntu2 amd64 [installed]
chromium-chromedriver/bionic-updates,bionic-security,now 107.0.5304.87-0ubuntu11.18.04.1 amd64 [installed]
code/stable 1.73.1-1667967334 amd64 [upgradable from: 1.72.2-1665614327]
containerd.io/bionic 1.6.10-1 amd64 [upgradable from: 1.4.6-1]
cron/bionic-updates,bionic-security,now 3.0pl1-128.1ubuntu1.2 amd64 [installed]
cuda/unknown 11.8.0-1 amd64 [upgradable from: 11.0.2-1]
cuda-keyring/unknown,now 1.0-1 all [installed]
cuda-repo-ubuntu1804-10-2-local-10.2.89-440.33.01/now 1.0-1 amd64 [installed,local]
cuda-repo-ubuntu1804-11-0-local/now 11.0.2-450.51.05-1 amd64 [installed,local]
curl/bionic-updates,bionic-security,now 7.58.0-2ubuntu3.21 amd64 [installed]
dash/bionic,now 0.5.8-2.10 amd64 [installed]
default-jdk/bionic-updates,bionic-security,now 2:1.11-68ubuntu1~18.04.1 amd64 [installed]
default-jre/bionic-updates,bionic-security,now 2:1.11-68ubuntu1~18.04.1 amd64 [installed]
diffutils/bionic,now 1:3.6-1 amd64 [installed]
dirmngr/bionic-updates,bionic-security,now 2.2.4-1ubuntu1.6 amd64 [installed]
docker-ce/bionic 5:20.10.21~3-0~ubuntu-bionic amd64 [upgradable from: 5:20.10.7~3-0~ubuntu-bionic]
docker-ce-cli/bionic 5:20.10.21~3-0~ubuntu-bionic amd64 [upgradable from: 5:20.10.7~3-0~ubuntu-bionic]
docker-compose/bionic,bionic,now 1.17.1-2 all [installed]
e2fsprogs/bionic-updates,bionic-security,now 1.44.1-1ubuntu1.4 amd64 [installed]
fbreader/bionic,now 0.12.10dfsg2-2 amd64 [installed]
ffmpeg/bionic,now 7:4.1.3-0ppa1~18.04 amd64 [installed]
filezilla/bionic,now 3.28.0-1 amd64 [installed]
findutils/bionic,now 4.6.0+git+20170828-2 amd64 [installed]
firefox-geckodriver/bionic-updates,bionic-security,now 107.0+build2-0ubuntu0.18.04.1 amd64 [installed]
firefox-locale-en/bionic-updates,bionic-security,now 107.0+build2-0ubuntu0.18.04.1 amd64 [installed]
flatpak/bionic 1.12.4-1flatpak1~18.04 amd64 [upgradable from: 1.8.2-flatpak1~bionic]
fonts-indic/bionic,bionic,now 2:1.2 all [installed]
g++-6/bionic-updates,now 6.5.0-2ubuntu1~18.04 amd64 [installed]
gcc-6/bionic-updates,now 6.5.0-2ubuntu1~18.04 amd64 [installed]
gdb/bionic-updates 8.1.1-0ubuntu1 amd64 [upgradable from: 8.1-0ubuntu3.2]
gdebi-core/bionic,bionic,now 0.9.5.7+nmu2 all [installed]
gfortran/bionic-updates,bionic-security,now 4:7.4.0-1ubuntu2.3 amd64 [installed]
gimp/bionic,now 2.8.22-1 amd64 [installed]
git/bionic-updates,bionic-security,now 1:2.17.1-1ubuntu0.13 amd64 [installed]
gnupg/bionic-updates,bionic-security,now 2.2.4-1ubuntu1.6 amd64 [installed]
gnupg-agent/bionic-updates,bionic-updates,bionic-security,bionic-security,now 2.2.4-1ubuntu1.6 all [installed]
google-chrome-stable/stable 103.0.5060.53-1 amd64 [upgradable from: 92.0.4515.159-1]
gpgv/bionic-updates,bionic-security,now 2.2.4-1ubuntu1.6 amd64 [installed]
grep/bionic-updates,now 3.1-2build1 amd64 [installed]
grub-pc/bionic-updates,bionic-security,now 2.02-2ubuntu8.23 amd64 [installed]
gzip/bionic-updates,bionic-security,now 1.6-5ubuntu1.2 amd64 [installed]
hostname/bionic,now 3.20 amd64 [installed]
hyphen-en-us/bionic,bionic,now 2.8.8-5 all [installed]
init/bionic,now 1.51 amd64 [installed]
kazam/bionic,bionic,now 1.4.5-2 all [installed]
kxstudio-repos/bionic,bionic,now 10.0.3 all [installed]
language-pack-en/bionic-updates,bionic-updates,now 1:18.04+20190718 all [installed]
language-pack-en-base/bionic-updates,bionic-updates,now 1:18.04+20180712 all [installed]
language-pack-gnome-en/bionic-updates,bionic-updates,now 1:18.04+20190718 all [installed]
language-pack-gnome-en-base/bionic-updates,bionic-updates,now 1:18.04+20180712 all [installed]
libasound2-dev/bionic-updates 1.1.3-5ubuntu0.6 amd64 [upgradable from: 1.1.3-5ubuntu0.5]
libatlas-base-dev/bionic,now 3.10.3-5 amd64 [installed]
libavcodec-dev/bionic,now 7:4.1.3-0ppa1~18.04 amd64 [installed]
libavformat-dev/bionic,now 7:4.1.3-0ppa1~18.04 amd64 [installed]
libcudnn8/unknown 8.6.0.163-1+cuda11.8 amd64 [upgradable from: 8.0.1.13-1+cuda11.0]
libcudnn8-dev/unknown 8.6.0.163-1+cuda11.8 amd64 [upgradable from: 8.0.1.13-1+cuda11.0]
libcudnn8-doc/now 8.0.1.13-1+cuda11.0 amd64 [installed,local]
libcurl4-gnutls-dev/bionic-updates,bionic-security,now 7.58.0-2ubuntu3.21 amd64 [installed]
libdbusmenu-gtk4/bionic-updates,now 16.04.1+18.04.20171206-0ubuntu2 amd64 [installed]
libdc1394-22-dev/bionic,now 2.2.5-1 amd64 [installed]
libeigen3-dev/bionic,bionic,now 3.3.4-4 all [installed]
libfftw3-dev/bionic,now 3.3.7-1 amd64 [installed]
libfltk1.3-dev/bionic,now 1.3.4-6 amd64 [installed]
libfluidsynth-dev/bionic,now 1.1.9-1 amd64 [installed]
libfreetype6-dev/bionic-updates,bionic-security,now 2.8.1-2ubuntu2.2 amd64 [installed]
libfribidi-dev/bionic-updates,bionic-security,now 0.19.7-2ubuntu0.1 amd64 [installed]
libgail-common/bionic,now 2.24.32-1ubuntu1 amd64 [installed]
libgail18/bionic,now 2.24.32-1ubuntu1 amd64 [installed]
libgig-dev/bionic,now 4.1.0~repack-2 amd64 [installed]
libglu1-mesa/bionic,now 9.0.0-2.1build1 amd64 [installed]
libglu1-mesa-dev/bionic,now 9.0.0-2.1build1 amd64 [installed]
libgtk-3-dev/bionic-updates,now 3.22.30-1ubuntu4 amd64 [installed]
libgtk2.0-0/bionic,now 2.24.32-1ubuntu1 amd64 [installed]
libgtk2.0-bin/bionic,now 2.24.32-1ubuntu1 amd64 [installed]
libgtk2.0-common/bionic,bionic,now 2.24.32-1ubuntu1 all [installed]
libharfbuzz-dev/bionic,now 1.7.2-1ubuntu1 amd64 [installed]
libhdf5-serial-dev/bionic,bionic,now 1.10.0-patch1+docs-4 all [installed]
libjack-jackd2-dev/bionic,now 1.9.12~dfsg-2 amd64 [installed]
libjpeg-dev/bionic,now 8c-2ubuntu8 amd64 [installed]
libjpeg8-dev/bionic,now 8c-2ubuntu8 amd64 [installed]
liblapack-dev/bionic,now 3.7.1-4ubuntu1 amd64 [installed]
liblist-moreutils-perl/bionic,now 0.416-1build3 amd64 [installed]
libllvm6.0/bionic,now 1:6.0-1ubuntu2 amd64 [installed]
libmp3lame-dev/bionic,now 3.100-2 amd64 [installed]
libmysqlclient-dev/bionic-updates,bionic-security,now 5.7.40-0ubuntu0.18.04.1 amd64 [installed]
libnvinfer7/unknown 7.2.3-1+cuda11.1 amd64 [upgradable from: 7.1.3-1+cuda11.0]
libogg-dev/bionic,now 1.3.2-1 amd64 [installed]
libopenblas-dev/bionic,now 0.2.20+ds-4 amd64 [installed]
libopencv-dev/bionic,now 3.2.0+dfsg-4ubuntu0.1+bionic4 amd64 [installed]
libpng-dev/bionic-updates,bionic-security,now 1.6.34-1ubuntu0.18.04.2 amd64 [installed]
libqt5x11extras5-dev/bionic,now 5.9.5-0ubuntu1 amd64 [installed]
libreoffice-help-en-us/bionic-updates,bionic-updates,bionic-security,bionic-security,now 1:6.0.7-0ubuntu0.18.04.10 all [installed]
libsamplerate0-dev/bionic,now 0.1.9-1 amd64 [installed]
libsdl1.2-dev/bionic-updates,bionic-security,now 1.2.15+dfsg2-0.1ubuntu0.2 amd64 [installed]
libsndfile1-dev/bionic-updates,bionic-security,now 1.0.28-4ubuntu0.18.04.2 amd64 [installed]
libsoundio-dev/bionic,now 1.0.2-1 amd64 [installed]
libssl-dev/bionic-updates,bionic-security,now 1.1.1-1ubuntu2.1~18.04.20 amd64 [installed]
libstk0-dev/bionic,now 4.5.2+dfsg-5build1 amd64 [installed]
libswscale-dev/bionic,now 7:4.1.3-0ppa1~18.04 amd64 [installed]
libtbb-dev/bionic,now 2017~U7-8 amd64 [installed]
libtesseract-dev/bionic,now 4.00~git2288-10f4998a-2 amd64 [installed]
libtiff-dev/bionic-updates,bionic-security,now 4.0.9-5ubuntu0.8 amd64 [installed]
libv4l-dev/bionic,now 1.14.2-1 amd64 [installed]
libvorbis-dev/bionic,now 1.3.5-4.2 amd64 [installed]
libx264-dev/bionic,now 2:0.152.2854+gite9a5903-2 amd64 [installed]
libxcb-keysyms1-dev/bionic,now 0.4.0-1 amd64 [installed]
libxcb-util0-dev/bionic,now 0.4.0-0ubuntu3 amd64 [installed]
libxft-dev/bionic,now 2.3.2-1 amd64 [installed]
libxi-dev/bionic,now 2:1.7.9-1 amd64 [installed]
libxinerama-dev/bionic,now 2:1.1.3-1 amd64 [installed]
libxml-perl/bionic,bionic,now 0.08-2 all [installed]
libxml2-utils/bionic-updates,bionic-security,now 2.9.4+dfsg1-6.1ubuntu1.7 amd64 [installed]
libxmu-dev/bionic,now 2:1.1.2-2 amd64 [installed]
libxvidcore-dev/bionic,now 2:1.3.5-1 amd64 [installed]
linux-headers-5.3.0-62-generic/bionic-updates,bionic-security,now 5.3.0-62.56~18.04.1 amd64 [installed]
linux-headers-5.4.0-42-generic/bionic-updates,bionic-security,now 5.4.0-42.46~18.04.1 amd64 [installed]
linux-image-generic-hwe-18.04/bionic-updates,bionic-security,now 5.4.0.132.148~18.04.109 amd64 [installed]
lmms/bionic,now 1.1.3-7 amd64 [installed]
login/bionic-updates 1:4.5-1ubuntu2.3 amd64 [upgradable from: 1:4.5-1ubuntu2.2]
lsb-release/bionic,bionic,now 9.20170808ubuntu1 all [installed]
mixxx/bionic 2.3.3-1~bionic amd64 [upgradable from: 2.2.3-0ubuntu2~2.2~git6750~bionic]
mongodb-compass/now 1.24.6 amd64 [installed,local]
mongodb-org/bionic 4.4.18 amd64 [upgradable from: 4.4.1]
mysql-server/bionic-updates,bionic-updates,bionic-security,bionic-security,now 5.7.40-0ubuntu0.18.04.1 all [installed]
mysql-workbench/bionic,now 6.3.8+dfsg-1build3+bionic4 amd64 [installed]
mythes-en-us/bionic,bionic,now 1:6.0.3-3 all [installed]
ncurses-base/bionic-updates,bionic-updates,now 6.1-1ubuntu1.18.04 all [installed]
ncurses-bin/bionic-updates,now 6.1-1ubuntu1.18.04 amd64 [installed]
net-tools/bionic,now 1.60+git20161116.90da8a0-1ubuntu1 amd64 [installed]
nginx/bionic-updates,bionic-updates,bionic-security,bionic-security,now 1.14.0-0ubuntu1.11 all [installed]
nmap/bionic,now 7.60-1ubuntu5 amd64 [installed]
nvidia-cuda-toolkit/bionic,now 9.1.85-3ubuntu1 amd64 [installed]
nvidia-machine-learning-repo-ubuntu1804/unknown,now 1.0.0-1 amd64 [installed]
openssh-client/bionic-updates 1:7.6p1-4ubuntu0.7 amd64 [upgradable from: 1:7.6p1-4ubuntu0.5]
openssh-server/bionic-updates 1:7.6p1-4ubuntu0.7 amd64 [upgradable from: 1:7.6p1-4ubuntu0.5]
opera-stable/now 70.0.3728.71 amd64 [installed,local]
pandoc/bionic,now 1.19.2.4~dfsg-1build4 amd64 [installed]
perl/bionic-updates,bionic-security,now 5.26.1-6ubuntu0.6 amd64 [installed]
pgadmin4/pgadmin4 6.16 all [upgradable from: 4.30]
pgadmin4-desktop/pgadmin4 6.16 amd64 [upgradable from: 4.30]
pgadmin4-web/pgadmin4 6.16 all [upgradable from: 4.30]
pkg-config/bionic,now 0.29.1-0ubuntu2 amd64 [installed]
poppler-utils/bionic-updates,bionic-security,now 0.62.0-2ubuntu2.14 amd64 [installed]
portaudio19-dev/bionic,now 19.6.0-1 amd64 [installed]
postgresql/bionic-updates,bionic-updates,bionic-security,bionic-security,now 10+190ubuntu0.1 all [installed]
postgresql-contrib/bionic-updates,bionic-updates,bionic-security,bionic-security,now 10+190ubuntu0.1 all [installed]
putty/bionic,now 0.70-4 amd64 [installed]
python-dev/bionic,now 2.7.15~rc1-1 amd64 [installed]
python-pil.imagetk/bionic-updates,bionic-security,now 5.1.0-1ubuntu0.8 amd64 [installed]
python-pip/bionic-updates,bionic-updates,now 9.0.1-2.3~ubuntu1.18.04.5 all [installed]
python3-dev/bionic-updates,now 3.6.7-1~18.04 amd64 [installed]
python3-lxml/bionic-updates,bionic-security,now 4.2.1-1ubuntu0.6 amd64 [installed]
python3-matplotlib/bionic,now 2.1.1-2ubuntu3 amd64 [installed]
python3-numpy/bionic,now 1:1.13.3-2ubuntu1 amd64 [installed]
python3-opencv/bionic,now 3.2.0+dfsg-4ubuntu0.1+bionic4 amd64 [installed]
python3-pip/bionic-updates,bionic-updates,now 9.0.1-2.3~ubuntu1.18.04.5 all [installed]
python3-scipy/bionic,now 0.19.1-2ubuntu1 amd64 [installed]
python3-six/bionic,bionic,now 1.11.0-2 all [installed]
python3-tk/bionic-updates,now 3.6.9-1~18.04 amd64 [installed]
qt5-default/bionic-updates,bionic-security,now 5.9.5+dfsg-0ubuntu2.6 amd64 [installed]
qtbase5-dev/bionic-updates,bionic-security,now 5.9.5+dfsg-0ubuntu2.6 amd64 [installed]
qtbase5-private-dev/bionic-updates,bionic-security,now 5.9.5+dfsg-0ubuntu2.6 amd64 [installed]
qttools5-dev/bionic,now 5.9.5-0ubuntu1 amd64 [installed]
qttools5-dev-tools/bionic,now 5.9.5-0ubuntu1 amd64 [installed]
r-base/bionic-cran40 4.2.2.20221110-1.1804.0 all [upgradable from: 4.2.2-1.1804.0]
r-base-dev/bionic-cran40 4.2.2.20221110-1.1804.0 all [upgradable from: 4.2.2-1.1804.0]
rabbitmq-server/bionic-updates,bionic-updates,bionic-security,bionic-security,now 3.6.10-1ubuntu0.5 all [installed]
realvnc-vnc-viewer/now 6.20.113.42303 amd64 [installed,local]
redis-server/bionic-updates,bionic-security,now 5:4.0.9-1ubuntu0.2 amd64 [installed]
rospack-tools/bionic,now 2.4.3-1build1 amd64 [installed]
rstudio/now 2022.07.2+576 amd64 [installed,local]
rstudio-server/now 1.4.1717 amd64 [installed,local]
sbt/all,all 1.8.0 all [upgradable from: 1.5.4]
scala/bionic-updates,bionic-updates,bionic-security,bionic-security,now 2.11.12-4~18.04 all [installed]
screen/bionic-updates,bionic-security,now 4.6.2-1ubuntu1.1 amd64 [installed]
silversearcher-ag/bionic,now 2.1.0-1 amd64 [installed]
skypeforlinux/stable 8.73.0.92 amd64 [upgradable from: 8.56.0.103]
slack-desktop/jessie 4.28.184 amd64 [upgradable from: 4.9.1]
software-properties-common/bionic-updates,bionic-updates,now 0.96.24.32.18 all [installed]
stk/bionic,now 4.5.2+dfsg-5build1 amd64 [installed]
teams/stable 1.5.00.23861 amd64 [upgradable from: 1.4.00.7556]
tesseract-ocr/bionic,now 4.00~git2288-10f4998a-2 amd64 [installed]
texlive/bionic,bionic,now 2017.20180305-1 all [installed]
texlive-latex-extra/bionic,bionic,now 2017.20180305-2 all [installed]
texlive-xetex/bionic,bionic,now 2017.20180305-1 all [installed]
thunderbird-locale-en/bionic-updates,bionic-security,now 1:102.4.2+build2-0ubuntu0.18.04.1 amd64 [installed]
thunderbird-locale-en-us/bionic-updates,bionic-updates,bionic-security,bionic-security,now 1:102.4.2+build2-0ubuntu0.18.04.1 all [installed]
tree/bionic,now 1.7.0-5 amd64 [installed]
ubuntu-desktop/bionic-updates,now 1.417.5 amd64 [installed]
ubuntu-minimal/bionic-updates,now 1.417.5 amd64 [installed]
ubuntu-restricted-addons/bionic,now 26 amd64 [installed]
ubuntu-standard/bionic-updates,now 1.417.5 amd64 [installed]
ubuntu-wallpapers/bionic,bionic,now 18.04.1-0ubuntu1 all [installed]
udev/bionic-updates,bionic-security,now 237-3ubuntu10.56 amd64 [installed]
unzip/bionic-updates,bionic-security,now 6.0-21ubuntu1.2 amd64 [installed]
vlc/bionic-updates,bionic-security,now 3.0.8-0ubuntu18.04.1 amd64 [installed]
winehq-stable/bionic 7.0.1~bionic-1 amd64 [upgradable from: 5.0.1~bionic]
wkhtmltopdf/bionic,now 0.12.4-1 amd64 [installed]
xbacklight/bionic,now 1.2.1-1build2 amd64 [installed]
zoom/now 5.2.440215.0803 amd64 [installed,local]
