accountsservice					install
acl						install
acpi-support					install
acpid						install
adduser						install
adium-theme-ubuntu				install
adwaita-icon-theme				install
aisleriot					install
alsa-base					install
alsa-utils					install
amd64-microcode					install
anacron						install
apache2						install
apache2-bin					install
apache2-data					install
apache2-utils					install
apg						install
app-install-data-partner			install
apparmor					install
apport						install
apport-gtk					install
apport-retrace					install
apport-symptoms					install
appstream					install
apt						install
apt-config-icons				install
apt-transport-https				install
apt-utils					install
aptdaemon					install
aptdaemon-data					install
apturl						install
apturl-common					install
aspell						install
aspell-en					install
at-spi2-core					install
aufs-tools					install
autoconf					install
automake					install
autopoint					install
autotools-dev					install
avahi-autoipd					install
avahi-daemon					install
avahi-utils					install
baobab						install
base-files					install
base-passwd					install
bash						install
bash-completion					install
bc						install
bind9-host					install
binfmt-support					install
binutils					install
binutils-common:amd64				install
binutils-x86-64-linux-gnu			install
blt						install
bluez						install
bluez-cups					install
bluez-obexd					install
bolt						install
branding-ubuntu					install
brightness-controller				install
brltty						install
bsdmainutils					install
bsdutils					install
bubblewrap					install
build-essential					install
busybox-initramfs				install
busybox-static					install
bzip2						install
bzip2-doc					install
ca-certificates					install
ca-certificates-java				install
calf-ladspa					install
caps						install
ccache						install
cdbs						install
cgroupfs-mount					install
checkinstall					install
cheese						install
cheese-common					install
chromium-browser				install
chromium-browser-l10n				install
chromium-chromedriver				install
chromium-codecs-ffmpeg-extra			install
cmake-data					deinstall
code						install
colord						install
colord-data					install
command-not-found				install
command-not-found-data				install
console-setup					install
console-setup-linux				install
containerd.io					install
coreutils					install
cpio						install
cpp						install
cpp-6						install
cpp-7						install
cracklib-runtime				install
crda						install
cron						install
cuda						install
cuda-11-0					install
cuda-command-line-tools-11-0			install
cuda-compiler-11-0				install
cuda-cudart-11-0				install
cuda-cudart-dev-11-0				install
cuda-cuobjdump-11-0				install
cuda-cupti-11-0					install
cuda-cupti-dev-11-0				install
cuda-demo-suite-11-0				install
cuda-documentation-11-0				install
cuda-driver-dev-11-0				install
cuda-drivers					install
cuda-drivers-450				install
cuda-gdb-11-0					install
cuda-keyring					install
cuda-libraries-11-0				install
cuda-libraries-dev-11-0				install
cuda-memcheck-11-0				install
cuda-nsight-11-0				install
cuda-nsight-compute-11-0			install
cuda-nsight-systems-11-0			install
cuda-nvcc-11-0					install
cuda-nvdisasm-11-0				install
cuda-nvml-dev-11-0				install
cuda-nvprof-11-0				install
cuda-nvprune-11-0				install
cuda-nvrtc-11-0					install
cuda-nvrtc-dev-11-0				install
cuda-nvtx-11-0					install
cuda-nvvp-11-0					install
cuda-repo-ubuntu1804-10-2-local-10.2.89-440.33.01	install
cuda-repo-ubuntu1804-11-0-local			install
cuda-runtime-11-0				install
cuda-samples-11-0				install
cuda-sanitizer-11-0				install
cuda-toolkit-11-0				install
cuda-tools-11-0					install
cuda-visual-tools-11-0				install
cups						install
cups-browsed					install
cups-bsd					install
cups-client					install
cups-common					install
cups-core-drivers				install
cups-daemon					install
cups-filters					install
cups-filters-core-drivers			install
cups-ipp-utils					install
cups-pk-helper					install
cups-ppdc					install
cups-server-common				install
curl						install
dash						install
dbus						install
dbus-user-session				install
dbus-x11					install
dc						install
dconf-cli					install
dconf-gsettings-backend:amd64			install
dconf-service					install
debconf						install
debconf-i18n					install
debhelper					install
debianutils					install
default-jdk					install
default-jdk-headless				install
default-jre					install
default-jre-headless				install
deja-dup					install
desktop-file-utils				install
dh-autoreconf					install
dh-python					install
dh-strip-nondeterminism				install
dh-translations					install
dictionaries-common				install
diffstat					install
diffutils					install
dirmngr						install
distro-info-data				install
dkms						install
dmidecode					install
dmsetup						install
dmz-cursor-theme				install
dns-root-data					install
dnsmasq-base					install
dnsutils					install
docker-ce					install
docker-ce-cli					install
docker-ce-rootless-extras			install
docker-compose					install
docker-scan-plugin				install
docutils-common					install
docutils-doc					install
dosfstools					install
dpkg						install
dpkg-dev					install
e2fsprogs					install
ed						install
eject						install
emacsen-common					install
enchant						install
eog						install
erlang-asn1					install
erlang-base					install
erlang-corba					install
erlang-crypto					install
erlang-diameter					install
erlang-edoc					install
erlang-eldap					install
erlang-erl-docgen				install
erlang-eunit					install
erlang-ic					install
erlang-inets					install
erlang-mnesia					install
erlang-nox					install
erlang-odbc					install
erlang-os-mon					install
erlang-parsetools				install
erlang-public-key				install
erlang-runtime-tools				install
erlang-snmp					install
erlang-ssh					install
erlang-ssl					install
erlang-syntax-tools				install
erlang-tools					install
erlang-xmerl					install
espeak-ng-data:amd64				install
evince						install
evince-common					install
evolution-data-server				install
evolution-data-server-common			install
example-content					install
fakeroot					install
fbreader					install
fdisk						install
ffmpeg						install
file						install
file-roller					install
filezilla					install
filezilla-common				install
findutils					install
firefox						install
firefox-geckodriver				install
firefox-locale-en				install
flatpak						install
fltk1.3-doc					install
fluid						install
fontconfig					install
fontconfig-config				install
fonts-beng					install
fonts-beng-extra				install
fonts-dejavu-core				install
fonts-dejavu-extra				install
fonts-deva					install
fonts-deva-extra				install
fonts-droid-fallback				install
fonts-freefont-ttf				install
fonts-gargi					install
fonts-gubbi					install
fonts-gujr					install
fonts-gujr-extra				install
fonts-guru					install
fonts-guru-extra				install
fonts-indic					install
fonts-kacst					install
fonts-kacst-one					install
fonts-kalapi					install
fonts-khmeros-core				install
fonts-knda					install
fonts-lao					install
fonts-lato					install
fonts-liberation				install
fonts-liberation2				install
fonts-lklug-sinhala				install
fonts-lmodern					install
fonts-lohit-beng-assamese			install
fonts-lohit-beng-bengali			install
fonts-lohit-deva				install
fonts-lohit-gujr				install
fonts-lohit-guru				install
fonts-lohit-knda				install
fonts-lohit-mlym				install
fonts-lohit-orya				install
fonts-lohit-taml				install
fonts-lohit-taml-classical			install
fonts-lohit-telu				install
fonts-lyx					install
fonts-mlym					install
fonts-nakula					install
fonts-navilu					install
fonts-noto-cjk					install
fonts-noto-color-emoji				install
fonts-noto-mono					install
fonts-opensymbol				install
fonts-orya					install
fonts-orya-extra				install
fonts-pagul					install
fonts-sahadeva					install
fonts-samyak-deva				install
fonts-samyak-gujr				install
fonts-samyak-mlym				install
fonts-samyak-taml				install
fonts-sarai					install
fonts-sil-abyssinica				install
fonts-sil-padauk				install
fonts-smc					install
fonts-smc-anjalioldlipi				install
fonts-smc-chilanka				install
fonts-smc-dyuthi				install
fonts-smc-karumbi				install
fonts-smc-keraleeyam				install
fonts-smc-manjari				install
fonts-smc-meera					install
fonts-smc-rachana				install
fonts-smc-raghumalayalamsans			install
fonts-smc-suruma				install
fonts-smc-uroob					install
fonts-taml					install
fonts-telu					install
fonts-telu-extra				install
fonts-texgyre					install
fonts-thai-tlwg					install
fonts-tibetan-machine				install
fonts-tlwg-garuda				install
fonts-tlwg-garuda-ttf				install
fonts-tlwg-kinnari				install
fonts-tlwg-kinnari-ttf				install
fonts-tlwg-laksaman				install
fonts-tlwg-laksaman-ttf				install
fonts-tlwg-loma					install
fonts-tlwg-loma-ttf				install
fonts-tlwg-mono					install
fonts-tlwg-mono-ttf				install
fonts-tlwg-norasi				install
fonts-tlwg-norasi-ttf				install
fonts-tlwg-purisa				install
fonts-tlwg-purisa-ttf				install
fonts-tlwg-sawasdee				install
fonts-tlwg-sawasdee-ttf				install
fonts-tlwg-typewriter				install
fonts-tlwg-typewriter-ttf			install
fonts-tlwg-typist				install
fonts-tlwg-typist-ttf				install
fonts-tlwg-typo					install
fonts-tlwg-typo-ttf				install
fonts-tlwg-umpush				install
fonts-tlwg-umpush-ttf				install
fonts-tlwg-waree				install
fonts-tlwg-waree-ttf				install
fonts-ubuntu					install
foomatic-db-compressed-ppds			install
forticlient					deinstall
freeglut3:amd64					install
freeglut3-dev:amd64				install
friendly-recovery				install
ftp						install
fuse						install
fwupd						install
fwupd-signed					install
fwupdate					install
fwupdate-signed					install
g++						install
g++-6						install
g++-7						install
gcc						install
gcc-6						install
gcc-6-base:amd64				install
gcc-7						install
gcc-7-base:amd64				install
gcc-8-base:amd64				install
gcc-8-base:i386					install
gconf-service					install
gconf-service-backend				install
gconf2						deinstall
gconf2-common					install
gcr						install
gdal-data					install
gdb						install
gdbserver					install
gdebi-core					install
gdisk						install
gdm3						install
gedit						install
gedit-common					install
genisoimage					install
geoclue-2.0					install
geoip-database					install
gettext						install
gettext-base					install
gfortran					install
gfortran-7					install
ghostscript					install
ghostscript-x					install
gimp						install
gimp-data					install
gir1.2-accountsservice-1.0			install
gir1.2-appindicator3-0.1			install
gir1.2-atk-1.0:amd64				install
gir1.2-atspi-2.0:amd64				install
gir1.2-dbusmenu-glib-0.4:amd64			install
gir1.2-dee-1.0					install
gir1.2-freedesktop:amd64			install
gir1.2-gck-1:amd64				install
gir1.2-gcr-3:amd64				install
gir1.2-gdesktopenums-3.0:amd64			install
gir1.2-gdkpixbuf-2.0:amd64			install
gir1.2-gdm-1.0					install
gir1.2-geoclue-2.0:amd64			install
gir1.2-glib-2.0:amd64				install
gir1.2-gmenu-3.0:amd64				install
gir1.2-gnomebluetooth-1.0:amd64			install
gir1.2-gnomedesktop-3.0:amd64			install
gir1.2-goa-1.0:amd64				install
gir1.2-gst-plugins-base-1.0:amd64		install
gir1.2-gstreamer-1.0:amd64			install
gir1.2-gtk-3.0:amd64				install
gir1.2-gtksource-3.0:amd64			install
gir1.2-gudev-1.0:amd64				install
gir1.2-gweather-3.0:amd64			install
gir1.2-harfbuzz-0.0:amd64			install
gir1.2-ibus-1.0:amd64				install
gir1.2-javascriptcoregtk-4.0:amd64		install
gir1.2-json-1.0:amd64				install
gir1.2-keybinder-3.0				install
gir1.2-mutter-2:amd64				install
gir1.2-nm-1.0:amd64				install
gir1.2-nma-1.0:amd64				install
gir1.2-notify-0.7:amd64				install
gir1.2-packagekitglib-1.0			install
gir1.2-pango-1.0:amd64				install
gir1.2-peas-1.0:amd64				install
gir1.2-polkit-1.0				install
gir1.2-rb-3.0:amd64				install
gir1.2-rsvg-2.0:amd64				install
gir1.2-secret-1:amd64				install
gir1.2-snapd-1:amd64				install
gir1.2-soup-2.4:amd64				install
gir1.2-totem-1.0:amd64				install
gir1.2-totemplparser-1.0:amd64			install
gir1.2-udisks-2.0:amd64				install
gir1.2-unity-5.0:amd64				install
gir1.2-upowerglib-1.0:amd64			install
gir1.2-vte-2.91:amd64				install
gir1.2-webkit2-4.0:amd64			install
gir1.2-wnck-3.0:amd64				install
git						install
git-man						install
gjs						install
gkbd-capplet					install
glib-networking:amd64				install
glib-networking-common				install
glib-networking-services			install
gnome-accessibility-themes			install
gnome-bluetooth					install
gnome-calendar					install
gnome-control-center				install
gnome-control-center-data			install
gnome-control-center-faces			install
gnome-desktop3-data				install
gnome-disk-utility				install
gnome-font-viewer				install
gnome-getting-started-docs			install
gnome-initial-setup				install
gnome-keyring					install
gnome-keyring-pkcs11:amd64			install
gnome-mahjongg					install
gnome-menus					install
gnome-mines					install
gnome-online-accounts				install
gnome-power-manager				install
gnome-screenshot				install
gnome-session-bin				install
gnome-session-canberra				install
gnome-session-common				install
gnome-settings-daemon				install
gnome-settings-daemon-schemas			install
gnome-shell					install
gnome-shell-common				install
gnome-shell-extension-appindicator		install
gnome-shell-extension-ubuntu-dock		install
gnome-software					install
gnome-software-common				install
gnome-software-plugin-snap			install
gnome-startup-applications			install
gnome-sudoku					install
gnome-terminal					install
gnome-terminal-data				install
gnome-themes-extra:amd64			install
gnome-themes-extra-data				install
gnome-todo					install
gnome-todo-common				install
gnome-user-docs					install
gnome-user-guide				install
gnome-video-effects				install
gnupg						install
gnupg-agent					install
gnupg-l10n					install
gnupg-utils					install
golang-docker-credential-helpers		install
google-chrome-stable				install
google-mock:amd64				deinstall
gpg						install
gpg-agent					install
gpg-wks-client					install
gpg-wks-server					install
gpgconf						install
gpgsm						install
gpgv						install
graphviz					install
grep						install
grilo-plugins-0.3-base:amd64			install
groff-base					install
grub-common					install
grub-gfxpayload-lists				install
grub-pc						install
grub-pc-bin					install
grub2-common					install
gsettings-desktop-schemas			install
gsettings-ubuntu-schemas			install
gsfonts						install
gstreamer1.0-alsa:amd64				install
gstreamer1.0-clutter-3.0:amd64			install
gstreamer1.0-fluendo-mp3:amd64			install
gstreamer1.0-gl:amd64				install
gstreamer1.0-gtk3:amd64				install
gstreamer1.0-libav:amd64			install
gstreamer1.0-packagekit				install
gstreamer1.0-plugins-base:amd64			install
gstreamer1.0-plugins-base:i386			install
gstreamer1.0-plugins-base-apps			install
gstreamer1.0-plugins-good:amd64			install
gstreamer1.0-plugins-ugly:amd64			install
gstreamer1.0-pulseaudio:amd64			install
gstreamer1.0-tools				install
gstreamer1.0-vaapi:amd64			install
gstreamer1.0-x:amd64				install
gtk-update-icon-cache				install
gtk2-engines-murrine:amd64			install
gtk2-engines-pixbuf:amd64			install
guile-2.0-libs:amd64				install
gvfs:amd64					install
gvfs-backends					install
gvfs-bin					install
gvfs-common					install
gvfs-daemons					install
gvfs-fuse					install
gvfs-libs:amd64					install
gzip						install
hdf5-helpers					install
hdparm						install
hicolor-icon-theme				install
hostname					install
hplip						install
hplip-data					install
humanity-icon-theme				install
hunspell-en-us					install
hyphen-en-us					install
i965-va-driver:amd64				install
i965-va-driver:i386				install
ibus						install
ibus-gtk:amd64					install
ibus-gtk3:amd64					install
ibus-table					install
ibverbs-providers:amd64				install
icu-devtools					install
ifupdown					install
iio-sensor-proxy				install
im-config					install
imagemagick					install
imagemagick-6-common				install
imagemagick-6.q16				install
info						install
init						install
init-system-helpers				install
initramfs-tools					install
initramfs-tools-bin				install
initramfs-tools-core				install
inputattach					install
install-info					install
intel-microcode					install
intltool					install
intltool-debian					install
ippusbxd					install
iproute2					install
iptables					install
iputils-arping					install
iputils-ping					install
iputils-tracepath				install
irqbalance					install
isc-dhcp-client					install
isc-dhcp-common					install
iso-codes					install
iucode-tool					install
iw						install
java-common					install
javascript-common				install
jq						install
kazam						install
kbd						install
kerneloops					install
keyboard-configuration				install
klibc-utils					install
kmod						install
krb5-locales					install
kxstudio-repos					install
language-pack-en				install
language-pack-en-base				install
language-pack-gnome-en				install
language-pack-gnome-en-base			install
language-selector-common			install
language-selector-gnome				install
laptop-detect					install
less						install
lib32gcc1					install
lib32stdc++6					install
liba52-0.7.4:amd64				install
libaa1:amd64					install
libaacs0:amd64					install
libabw-0.1-1:amd64				install
libaccinj64-9.1:amd64				install
libaccountsservice0:amd64			install
libacl1:amd64					install
libaec-dev:amd64				install
libaec0:amd64					install
libaio1:amd64					install
libakai0:amd64					install
libalgorithm-diff-perl				install
libalgorithm-diff-xs-perl			install
libalgorithm-merge-perl				install
libamd2:amd64					install
libann0						install
libao-common					install
libao4:amd64					install
libaom0:amd64					install
libaom0:i386					install
libapache2-mod-wsgi-py3				install
libapparmor1:amd64				install
libapparmor1:i386				install
libappindicator1				install
libappindicator3-1				install
libappstream-glib8:amd64			install
libappstream4:amd64				install
libapr1:amd64					install
libaprutil1:amd64				install
libaprutil1-dbd-sqlite3:amd64			install
libaprutil1-ldap:amd64				install
libapt-inst2.0:amd64				install
libapt-pkg-perl					install
libapt-pkg5.0:amd64				install
libarchive-cpio-perl				install
libarchive-zip-perl				install
libarchive13:amd64				install
libargon2-0:amd64				install
libaribb24-0:amd64				install
libart-2.0-2:amd64				install
libasan3:amd64					install
libasan4:amd64					install
libasn1-8-heimdal:amd64				install
libasn1-8-heimdal:i386				install
libasound2:amd64				install
libasound2:i386					install
libasound2-data					install
libasound2-dev:amd64				install
libasound2-plugins:amd64			install
libasound2-plugins:i386				install
libaspell15:amd64				install
libass9:amd64					install
libassuan0:amd64				install
libasyncns0:amd64				install
libasyncns0:i386				install
libatasmart4:amd64				install
libatk-adaptor:amd64				install
libatk-bridge2.0-0:amd64			install
libatk-bridge2.0-dev:amd64			install
libatk-wrapper-java				install
libatk-wrapper-java-jni:amd64			install
libatk1.0-0:amd64				install
libatk1.0-data					install
libatk1.0-dev:amd64				install
libatkmm-1.6-1v5:amd64				install
libatlas-base-dev:amd64				install
libatlas3-base:amd64				install
libatm1:amd64					install
libatomic1:amd64				install
libatomic1:i386					install
libatspi2.0-0:amd64				install
libatspi2.0-dev:amd64				install
libattr1:amd64					install
libaudio2:amd64					install
libaudit-common					install
libaudit1:amd64					install
libauthen-sasl-perl				install
libavahi-client3:amd64				install
libavahi-client3:i386				install
libavahi-common-data:amd64			install
libavahi-common-data:i386			install
libavahi-common3:amd64				install
libavahi-common3:i386				install
libavahi-core7:amd64				install
libavahi-glib1:amd64				install
libavahi-ui-gtk3-0:amd64			install
libavc1394-0:amd64				install
libavcodec-dev:amd64				install
libavcodec57:amd64				install
libavcodec58:amd64				install
libavcodec58:i386				install
libavdevice58:amd64				install
libavfilter6:amd64				install
libavfilter7:amd64				install
libavformat-dev:amd64				install
libavformat57:amd64				install
libavformat58:amd64				install
libavresample-dev:amd64				install
libavresample3:amd64				install
libavresample4:amd64				install
libavutil-dev:amd64				install
libavutil55:amd64				install
libavutil56:amd64				install
libavutil56:i386				install
libbabeltrace1:amd64				install
libbabl-0.1-0:amd64				install
libbasicusageenvironment1:amd64			install
libbdplus0:amd64				install
libbind9-160:amd64				install
libbinutils:amd64				install
libblas-dev:amd64				install
libblas3:amd64					install
libblkid1:amd64					install
libblkid1:i386					install
libblockdev-crypto2:amd64			install
libblockdev-fs2:amd64				install
libblockdev-loop2:amd64				install
libblockdev-part-err2:amd64			install
libblockdev-part2:amd64				install
libblockdev-swap2:amd64				install
libblockdev-utils2:amd64			install
libblockdev2:amd64				install
libbluetooth3:amd64				install
libbluray2:amd64				install
libboost-date-time1.65.1:amd64			install
libboost-filesystem1.65.1:amd64			install
libboost-iostreams1.65.1:amd64			install
libboost-locale1.65.1:amd64			install
libboost-program-options1.65.1:amd64		install
libboost-system1.65.1:amd64			install
libboost-thread1.65.1:amd64			install
libbrlapi0.6:amd64				install
libbrotli1:amd64				install
libbs2b0:amd64					install
libbsd0:amd64					install
libbsd0:i386					install
libbz2-1.0:amd64				install
libbz2-dev:amd64				install
libc-bin					install
libc-dev-bin					install
libc6:amd64					install
libc6:i386					install
libc6-dbg:amd64					install
libc6-dev:amd64					install
libc6-i386					install
libcaca-dev					install
libcaca0:amd64					install
libcairo-gobject-perl				install
libcairo-gobject2:amd64				install
libcairo-perl					install
libcairo-script-interpreter2:amd64		install
libcairo2:amd64					install
libcairo2:i386					install
libcairo2-dev:amd64				install
libcairomm-1.0-1v5:amd64			install
libcamd2:amd64					install
libcamel-1.2-61:amd64				install
libcanberra-gtk3-0:amd64			install
libcanberra-gtk3-module:amd64			install
libcanberra-pulse:amd64				install
libcanberra0:amd64				install
libcap-ng0:amd64				install
libcap2:amd64					install
libcap2:i386					install
libcap2-bin					install
libcapi20-3:amd64				install
libcapi20-3:i386				install
libcc1-0:amd64					install
libccolamd2:amd64				install
libcddb2					install
libcdio-cdda2:amd64				install
libcdio-paranoia2:amd64				install
libcdio17:amd64					install
libcdparanoia0:amd64				install
libcdparanoia0:i386				install
libcdr-0.1-1:amd64				install
libcdt5						install
libcfitsio5:amd64				install
libcgi-fast-perl				install
libcgi-pm-perl					install
libcgraph6					install
libcharls1:amd64				install
libcheese-gtk25:amd64				install
libcheese8:amd64				install
libcholmod3:amd64				install
libchromaprint1:amd64				install
libcilkrts5:amd64				install
libclang-6.0-dev				install
libclang-common-6.0-dev				install
libclang-dev					install
libclang1-6.0:amd64				install
libclass-accessor-perl				install
libclone-perl					install
libclucene-contribs1v5:amd64			install
libclucene-core1v5:amd64			install
libclutter-1.0-0:amd64				install
libclutter-1.0-common				install
libclutter-gst-3.0-0:amd64			install
libclutter-gtk-1.0-0:amd64			install
libcmis-0.5-5v5					install
libcodec2-0.7:amd64				install
libcodec2-0.7:i386				install
libcogl-common					install
libcogl-pango20:amd64				install
libcogl-path20:amd64				install
libcogl20:amd64					install
libcolamd2:amd64				install
libcolord-gtk1:amd64				install
libcolord2:amd64				install
libcolorhug2:amd64				install
libcom-err2:amd64				install
libcom-err2:i386				install
libcrack2:amd64					install
libcroco3:amd64					install
libcroco3:i386					install
libcryptsetup12:amd64				install
libcrystalhd3:amd64				install
libcrystalhd3:i386				install
libctemplate3:amd64				install
libcublas-11-0					install
libcublas-dev-11-0				install
libcublas9.1:amd64				install
libcudart9.1:amd64				install
libcudnn8					install
libcudnn8-dev					install
libcudnn8-doc					install
libcufft-11-0					install
libcufft-dev-11-0				install
libcufft9.1:amd64				install
libcufftw9.1:amd64				install
libcuinj64-9.1:amd64				install
libcups2:amd64					install
libcups2:i386					install
libcupscgi1:amd64				install
libcupsfilters1:amd64				install
libcupsimage2:amd64				install
libcupsmime1:amd64				install
libcupsppdc1:amd64				install
libcurand-11-0					install
libcurand-dev-11-0				install
libcurand9.1:amd64				install
libcurl3-gnutls:amd64				install
libcurl4:amd64					install
libcurl4-gnutls-dev:amd64			install
libcusolver-11-0				install
libcusolver-dev-11-0				install
libcusolver9.1:amd64				install
libcusparse-11-0				install
libcusparse-dev-11-0				install
libcusparse9.1:amd64				install
libdaemon0:amd64				install
libdap25:amd64					install
libdapclient6v5:amd64				install
libdata-dump-perl				install
libdatrie1:amd64				install
libdatrie1:i386					install
libdazzle-1.0-0:amd64				install
libdb5.3:amd64					install
libdb5.3:i386					install
libdbus-1-3:amd64				install
libdbus-1-3:i386				install
libdbus-1-dev:amd64				install
libdbus-glib-1-2:amd64				install
libdbusmenu-glib4:amd64				install
libdbusmenu-gtk3-4:amd64			install
libdbusmenu-gtk4:amd64				install
libdbusmenu-qt2:amd64				install
libdc1394-22:amd64				install
libdc1394-22-dev:amd64				install
libdca0:amd64					install
libdconf1:amd64					install
libdebconfclient0:amd64				install
libdee-1.0-4:amd64				install
libdevmapper1.02.1:amd64			install
libdigest-hmac-perl				install
libdjvulibre-text				install
libdjvulibre21:amd64				install
libdmapsharing-3.0-2:amd64			install
libdns-export1100				install
libdns1100:amd64				install
libdotconf0:amd64				install
libdouble-conversion1:amd64			install
libdpkg-perl					install
libdrm-amdgpu1:amd64				install
libdrm-amdgpu1:i386				install
libdrm-common					install
libdrm-dev:amd64				install
libdrm-intel1:amd64				install
libdrm-intel1:i386				install
libdrm-nouveau2:amd64				install
libdrm-nouveau2:i386				install
libdrm-radeon1:amd64				install
libdrm-radeon1:i386				install
libdrm2:amd64					install
libdrm2:i386					install
libdv4:amd64					install
libdvbpsi10:amd64				install
libdvdnav4:amd64				install
libdvdread4:amd64				install
libdw1:amd64					install
libe-book-0.1-1:amd64				install
libebackend-1.2-10:amd64			install
libebml4v5:amd64				install
libebook-1.2-19:amd64				install
libebook-contacts-1.2-2:amd64			install
libecal-1.2-19:amd64				install
libedata-book-1.2-25:amd64			install
libedata-cal-1.2-28:amd64			install
libedataserver-1.2-23:amd64			install
libedataserverui-1.2-2:amd64			install
libedit2:amd64					install
libedit2:i386					install
libefiboot1:amd64				install
libefivar1:amd64				install
libegl-mesa0:amd64				install
libegl1:amd64					install
libegl1-mesa:amd64				install
libegl1-mesa-dev:amd64				install
libeigen3-dev					install
libelf1:amd64					install
libelf1:i386					install
libemail-valid-perl				install
libenchant1c2a:amd64				install
libencode-locale-perl				install
libeot0:amd64					install
libepoxy-dev:amd64				install
libepoxy0:amd64					install
libepsilon1:amd64				install
libepubgen-0.1-1:amd64				install
liberror-perl					install
libespeak-ng1:amd64				install
libestr0:amd64					install
libetonyek-0.1-1:amd64				install
libevdev-dev:amd64				install
libevdev2:amd64					install
libevdocument3-4:amd64				install
libevent-2.1-6:amd64				install
libevent-core-2.1-6:amd64			install
libevview3-3:amd64				install
libexempi3:amd64				install
libexif-dev:amd64				install
libexif-doc					install
libexif12:amd64					install
libexif12:i386					install
libexiv2-14:amd64				install
libexpat1:amd64					install
libexpat1:i386					install
libexpat1-dev:amd64				install
libexporter-tiny-perl				install
libext2fs2:amd64				install
libexttextcat-2.0-0:amd64			install
libexttextcat-data				install
libfaad2:amd64					install
libfabric1					install
libfakeroot:amd64				install
libfastjson4:amd64				install
libfaudio0:amd64				install
libfaudio0:i386					install
libfcgi-perl					install
libfdisk1:amd64					install
libfdk-aac1:amd64				install
libfdk-aac1:i386				install
libffi6:amd64					install
libffi6:i386					install
libfftw3-bin					install
libfftw3-dev:amd64				install
libfftw3-double3:amd64				install
libfftw3-long3:amd64				install
libfftw3-quad3:amd64				install
libfftw3-single3:amd64				install
libfile-basedir-perl				install
libfile-copy-recursive-perl			install
libfile-desktopentry-perl			install
libfile-fcntllock-perl				install
libfile-listing-perl				install
libfile-mimeinfo-perl				install
libfile-stripnondeterminism-perl		install
libfile-which-perl				install
libfilezilla0					install
libflac-dev:amd64				install
libflac8:amd64					install
libflac8:i386					install
libflite1:amd64					install
libfltk-cairo1.3:amd64				install
libfltk-forms1.3:amd64				install
libfltk-gl1.3:amd64				install
libfltk-images1.3:amd64				install
libfltk1.3:amd64				install
libfltk1.3-dev					install
libfluidsynth-dev:amd64				install
libfluidsynth1:amd64				install
libfont-afm-perl				install
libfontconfig1:amd64				install
libfontconfig1:i386				install
libfontconfig1-dev:amd64			install
libfontembed1:amd64				install
libfontenc1:amd64				install
libfreehand-0.1-1				install
libfreerdp-client2-2:amd64			install
libfreerdp2-2:amd64				install
libfreetype6:amd64				install
libfreetype6:i386				install
libfreetype6-dev:amd64				install
libfreexl1:amd64				install
libfribidi-dev					install
libfribidi0:amd64				install
libfuse2:amd64					install
libfwupd2:amd64					install
libfyba0:amd64					install
libgail-3-0:amd64				install
libgail-common:amd64				install
libgail18:amd64					install
libgbm1:amd64					install
libgbm1:i386					install
libgc1c2:amd64					install
libgcab-1.0-0:amd64				install
libgcc-6-dev:amd64				install
libgcc-7-dev:amd64				install
libgcc1:amd64					install
libgcc1:i386					install
libgck-1-0:amd64				install
libgconf-2-4:amd64				install
libgcr-base-3-1:amd64				install
libgcr-ui-3-1:amd64				install
libgcrypt20:amd64				install
libgcrypt20:i386				install
libgd3:amd64					install
libgd3:i386					install
libgdal26					install
libgdata-common					install
libgdata22:amd64				install
libgdbm-compat4:amd64				install
libgdbm5:amd64					install
libgdcm2-dev					install
libgdcm2.8:amd64				install
libgdk-pixbuf2.0-0:amd64			install
libgdk-pixbuf2.0-0:i386				install
libgdk-pixbuf2.0-bin				install
libgdk-pixbuf2.0-common				install
libgdk-pixbuf2.0-dev				install
libgdm1						install
libgee-0.8-2:amd64				install
libgegl-0.3-0:amd64				install
libgeoclue-2-0:amd64				install
libgeocode-glib0:amd64				install
libgeoip1:amd64					install
libgeos-3.8.0:amd64				install
libgeos-c1v5:amd64				install
libgeotiff5:amd64				install
libgexiv2-2:amd64				install
libgfortran-7-dev:amd64				install
libgfortran4:amd64				install
libgif7:amd64					install
libgig-dev:amd64				install
libgig8:amd64					install
libgimp2.0					install
libgirepository-1.0-1:amd64			install
libgjs0g					install
libgl1:amd64					install
libgl1:i386					install
libgl1-mesa-dev:amd64				install
libgl1-mesa-dri:amd64				install
libgl1-mesa-dri:i386				install
libgl1-mesa-glx:amd64				install
libgl2ps1.4					install
libglapi-mesa:amd64				install
libglapi-mesa:i386				install
libgles1:amd64					install
libgles2:amd64					install
libgles2-mesa-dev:amd64				install
libglib-object-introspection-perl		install
libglib-perl					install
libglib2.0-0:amd64				install
libglib2.0-0:i386				install
libglib2.0-bin					install
libglib2.0-data					install
libglib2.0-dev:amd64				install
libglib2.0-dev-bin				install
libglibmm-2.4-1v5:amd64				install
libglu1-mesa:amd64				install
libglu1-mesa:i386				install
libglu1-mesa-dev:amd64				install
libglvnd-core-dev:amd64				install
libglvnd-dev:amd64				install
libglvnd0:amd64					install
libglvnd0:i386					install
libglx-mesa0:amd64				install
libglx-mesa0:i386				install
libglx0:amd64					install
libglx0:i386					install
libgme0:amd64					install
libgmime-3.0-0:amd64				install
libgmp10:amd64					install
libgmp10:i386					install
libgnome-autoar-0-0:amd64			install
libgnome-bluetooth13:amd64			install
libgnome-desktop-3-17:amd64			install
libgnome-games-support-1-3:amd64		install
libgnome-games-support-common			install
libgnome-keyring-common				install
libgnome-keyring0:amd64				install
libgnome-menu-3-0:amd64				install
libgnome-todo					install
libgnomekbd-common				install
libgnomekbd8:amd64				install
libgnutls30:amd64				install
libgnutls30:i386				install
libgoa-1.0-0b:amd64				install
libgoa-1.0-common				install
libgoa-backend-1.0-1:amd64			install
libgom-1.0-0:amd64				install
libgomp1:amd64					install
libgomp1:i386					install
libgpg-error0:amd64				install
libgpg-error0:i386				install
libgpgme11:amd64				install
libgpgmepp6:amd64				install
libgphoto2-6:amd64				install
libgphoto2-6:i386				install
libgphoto2-dev:amd64				install
libgphoto2-l10n					install
libgphoto2-port12:amd64				install
libgphoto2-port12:i386				install
libgpm2:amd64					install
libgpm2:i386					install
libgpod-common					install
libgpod4:amd64					install
libgraphene-1.0-0:amd64				install
libgraphite2-3:amd64				install
libgraphite2-3:i386				install
libgraphite2-dev:amd64				install
libgrilo-0.3-0:amd64				install
libgroupsock8:amd64				install
libgs9:amd64					install
libgs9-common					install
libgsm1:amd64					install
libgsm1:i386					install
libgspell-1-1:amd64				install
libgspell-1-common				install
libgssapi-krb5-2:amd64				install
libgssapi-krb5-2:i386				install
libgssapi3-heimdal:amd64			install
libgssapi3-heimdal:i386				install
libgstreamer-gl1.0-0:amd64			install
libgstreamer-plugins-bad1.0-0:amd64		install
libgstreamer-plugins-base1.0-0:amd64		install
libgstreamer-plugins-base1.0-0:i386		install
libgstreamer-plugins-good1.0-0:amd64		install
libgstreamer1.0-0:amd64				install
libgstreamer1.0-0:i386				install
libgtest-dev:amd64				deinstall
libgtk-3-0:amd64				install
libgtk-3-bin					install
libgtk-3-common					install
libgtk-3-dev:amd64				install
libgtk2.0-0:amd64				install
libgtk2.0-bin					install
libgtk2.0-common				install
libgtk3-perl					install
libgtkmm-2.4-1v5:amd64				install
libgtksourceview-3.0-1:amd64			install
libgtksourceview-3.0-common			install
libgtop-2.0-11:amd64				install
libgtop2-common					install
libgts-0.7-5:amd64				install
libgts-bin					install
libgudev-1.0-0:amd64				install
libgusb2:amd64					install
libgutenprint2					install
libgvc6						install
libgvpr2					install
libgweather-3-15:amd64				install
libgweather-common				install
libgxps2:amd64					install
libharfbuzz-dev:amd64				install
libharfbuzz-gobject0:amd64			install
libharfbuzz-icu0:amd64				install
libharfbuzz0b:amd64				install
libharfbuzz0b:i386				install
libhawtjni-runtime-java				install
libhcrypto4-heimdal:amd64			install
libhcrypto4-heimdal:i386			install
libhdf4-0-alt					install
libhdf5-100:amd64				install
libhdf5-cpp-100:amd64				install
libhdf5-dev					install
libhdf5-openmpi-100:amd64			install
libhdf5-serial-dev				install
libheimbase1-heimdal:amd64			install
libheimbase1-heimdal:i386			install
libheimntlm0-heimdal:amd64			install
libheimntlm0-heimdal:i386			install
libhidapi-libusb0:amd64				install
libhogweed4:amd64				install
libhogweed4:i386				install
libhpmud0:amd64					install
libhtml-form-perl				install
libhtml-format-perl				install
libhtml-parser-perl				install
libhtml-tagset-perl				install
libhtml-template-perl				install
libhtml-tree-perl				install
libhttp-cookies-perl				install
libhttp-daemon-perl				install
libhttp-date-perl				install
libhttp-message-perl				install
libhttp-negotiate-perl				install
libhunspell-1.6-0:amd64				install
libhwloc-plugins				install
libhwloc5:amd64					install
libhx509-5-heimdal:amd64			install
libhx509-5-heimdal:i386				install
libhyphen0:amd64				install
libibus-1.0-5:amd64				install
libibverbs1:amd64				install
libical3:amd64					install
libice-dev:amd64				install
libice6:amd64					install
libicu-dev					install
libicu-le-hb-dev:amd64				install
libicu-le-hb0:amd64				install
libicu60:amd64					install
libicu60:i386					install
libiculx60:amd64				install
libid3tag0:amd64				install
libidn11:amd64					install
libidn2-0:amd64					install
libidn2-0:i386					install
libiec61883-0:amd64				install
libieee1284-3:amd64				install
libieee1284-3:i386				install
libijs-0.35:amd64				install
libilmbase-dev					install
libilmbase12:amd64				install
libimobiledevice6:amd64				install
libindicator3-7					install
libindicator7					install
libinput-bin					install
libinput-dev:amd64				install
libinput10:amd64				install
libio-html-perl					install
libio-pty-perl					install
libio-socket-inet6-perl				install
libio-socket-ssl-perl				install
libio-string-perl				install
libip4tc0:amd64					install
libip6tc0:amd64					install
libipc-run-perl					install
libipc-system-simple-perl			install
libiptc0:amd64					install
libirs160:amd64					install
libisc-export169:amd64				install
libisc169:amd64					install
libisccc160:amd64				install
libisccfg160:amd64				install
libisl19:amd64					install
libitm1:amd64					install
libiw30:amd64					install
libjack-jackd2-0:amd64				install
libjack-jackd2-0:i386				install
libjack-jackd2-dev:amd64			install
libjansi-java					install
libjansi-native-java				install
libjansson4:amd64				install
libjavascriptcoregtk-4.0-18:amd64		install
libjbig-dev:amd64				install
libjbig0:amd64					install
libjbig0:i386					install
libjbig2dec0:amd64				install
libjemalloc1					install
libjline2-java					install
libjpeg-dev:amd64				install
libjpeg-turbo8:amd64				install
libjpeg-turbo8:i386				install
libjpeg-turbo8-dev:amd64			install
libjpeg8:amd64					install
libjpeg8:i386					install
libjpeg8-dev:amd64				install
libjq1:amd64					install
libjs-jquery					install
libjs-jquery-ui					install
libjson-c3:amd64				install
libjson-glib-1.0-0:amd64			install
libjson-glib-1.0-common				install
libjsoncpp1:amd64				install
libk5crypto3:amd64				install
libk5crypto3:i386				install
libkate1:amd64					install
libkeybinder-3.0-0:amd64			install
libkeyutils1:amd64				install
libkeyutils1:i386				install
libklibc					install
libkmlbase1:amd64				install
libkmldom1:amd64				install
libkmlengine1:amd64				install
libkmod2:amd64					install
libkpathsea6:amd64				install
libkrb5-26-heimdal:amd64			install
libkrb5-26-heimdal:i386				install
libkrb5-3:amd64					install
libkrb5-3:i386					install
libkrb5support0:amd64				install
libkrb5support0:i386				install
libksba8:amd64					install
liblab-gamut1					install
liblangtag-common				install
liblangtag1:amd64				install
liblapack-dev:amd64				install
liblapack3:amd64				install
liblcms2-2:amd64				install
liblcms2-2:i386					install
liblcms2-utils					install
libldap-2.4-2:amd64				install
libldap-2.4-2:i386				install
libldap-common					install
libldap2-dev:amd64				install
libldb1:amd64					install
liblept5					install
libleptonica-dev				install
liblilv-0-0					install
liblinear3:amd64				install
liblirc-client0:amd64				install
liblist-moreutils-perl				install
liblivemedia62:amd64				install
libllvm10:amd64					install
libllvm10:i386					install
libllvm6.0:amd64				install
liblocale-gettext-perl				install
liblouis-data					install
liblouis14:amd64				install
liblouisutdml-bin				install
liblouisutdml-data				install
liblouisutdml8:amd64				install
liblqr-1-0:amd64				install
liblsan0:amd64					install
libltdl-dev:amd64				install
libltdl7:amd64					install
libltdl7:i386					install
liblua5.1-0:amd64				install
liblua5.2-0:amd64				install
liblua5.3-0:amd64				install
libluajit-5.1-2:amd64				install
libluajit-5.1-common				install
liblwp-mediatypes-perl				install
liblwp-protocol-https-perl			install
liblwres160:amd64				install
liblz4-1:amd64					install
liblz4-1:i386					install
liblzma-dev:amd64				install
liblzma5:amd64					install
liblzma5:i386					install
liblzo2-2:amd64					install
libmad0:amd64					install
libmagic-mgc					install
libmagic1:amd64					install
libmagickcore-6.q16-3:amd64			install
libmagickcore-6.q16-3-extra:amd64		install
libmagickwand-6.q16-3:amd64			install
libmail-sendmail-perl				install
libmailtools-perl				install
libmatroska6v5:amd64				install
libmbim-glib4:amd64				install
libmbim-proxy					install
libmediaart-2.0-0:amd64				install
libmessaging-menu0:amd64			install
libmetis5:amd64					install
libmhash2:amd64					install
libmicrodns0:amd64				install
libminiupnpc10:amd64				install
libminizip1:amd64				install
libmm-glib0:amd64				install
libmng2:amd64					install
libmnl0:amd64					install
libmodplug1:amd64				install
libmount1:amd64					install
libmount1:i386					install
libmozjs-52-0:amd64				install
libmp3lame-dev:amd64				install
libmp3lame0:amd64				install
libmp3lame0:i386				install
libmpc3:amd64					install
libmpcdec6:amd64				install
libmpdec2:amd64					install
libmpeg2-4:amd64				install
libmpfr6:amd64					install
libmpg123-0:amd64				install
libmpg123-0:i386				install
libmpx2:amd64					install
libmspub-0.1-1:amd64				install
libmtdev-dev					install
libmtdev1:amd64					install
libmtp-common					install
libmtp-runtime					install
libmtp9:amd64					install
libmutter-2-0:amd64				install
libmwaw-0.3-3:amd64				install
libmysofa0:amd64				install
libmysqlclient-dev				install
libmysqlclient20:amd64				install
libmysqlcppconn7v5:amd64			install
libmythes-1.2-0:amd64				install
libnatpmp1					install
libnautilus-extension1a:amd64			install
libncurses5:amd64				install
libncurses5:i386				install
libncurses5-dev:amd64				install
libncursesw5:amd64				install
libndp0:amd64					install
libneon27-gnutls:amd64				install
libnet-dbus-perl				install
libnet-dns-perl					install
libnet-domain-tld-perl				install
libnet-http-perl				install
libnet-ip-perl					install
libnet-libidn-perl				install
libnet-smtp-ssl-perl				install
libnet-ssleay-perl				install
libnetcdf-c++4					install
libnetcdf13:amd64				install
libnetfilter-conntrack3:amd64			install
libnetpbm10					install
libnetplan0:amd64				install
libnettle6:amd64				install
libnettle6:i386					install
libnewt0.52:amd64				install
libnfnetlink0:amd64				install
libnfs11:amd64					install
libnghttp2-14:amd64				install
libnginx-mod-http-geoip				install
libnginx-mod-http-image-filter			install
libnginx-mod-http-xslt-filter			install
libnginx-mod-mail				install
libnginx-mod-stream				install
libnih1:amd64					install
libnl-3-200:amd64				install
libnl-genl-3-200:amd64				install
libnl-route-3-200:amd64				install
libnm0:amd64					install
libnma0:amd64					install
libnorm1:amd64					install
libnotify-bin					install
libnotify4:amd64				install
libnpp-11-0					install
libnpp-dev-11-0					install
libnppc9.1:amd64				install
libnppial9.1:amd64				install
libnppicc9.1:amd64				install
libnppicom9.1:amd64				install
libnppidei9.1:amd64				install
libnppif9.1:amd64				install
libnppig9.1:amd64				install
libnppim9.1:amd64				install
libnppist9.1:amd64				install
libnppisu9.1:amd64				install
libnppitc9.1:amd64				install
libnpps9.1:amd64				install
libnpth0:amd64					install
libnspr4:amd64					install
libnss-mdns:amd64				install
libnss-myhostname:amd64				install
libnss-systemd:amd64				install
libnss3:amd64					install
libntfs-3g88					install
libnuma1:amd64					install
libnuma1:i386					install
libnvblas9.1:amd64				install
libnvgraph9.1:amd64				install
libnvidia-cfg1-450:amd64			install
libnvidia-common-450				install
libnvidia-compute-435:amd64			deinstall
libnvidia-compute-440:amd64			deinstall
libnvidia-compute-450:amd64			install
libnvidia-decode-450:amd64			install
libnvidia-encode-450:amd64			install
libnvidia-extra-450:amd64			install
libnvidia-fbc1-450:amd64			install
libnvidia-gl-450:amd64				install
libnvidia-ifr1-450:amd64			install
libnvinfer7					install
libnvjpeg-11-0					install
libnvjpeg-dev-11-0				install
libnvrtc9.1:amd64				install
libnvtoolsext1:amd64				install
libnvvm3:amd64					install
liboauth0:amd64					install
libobjc-7-dev:amd64				install
libobjc4:amd64					install
libodbc1:amd64					install
libodbc1:i386					install
libodfgen-0.1-1:amd64				install
libogdi4.1					install
libogg-dev:amd64				install
libogg0:amd64					install
libogg0:i386					install
libonig4:amd64					install
libopenal-data					install
libopenal1:amd64				install
libopenal1:i386					install
libopenblas-base:amd64				install
libopenblas-dev:amd64				install
libopencore-amrnb0:amd64			install
libopencore-amrwb0:amd64			install
libopencv-calib3d-dev:amd64			install
libopencv-calib3d3.2:amd64			install
libopencv-contrib-dev:amd64			install
libopencv-contrib3.2:amd64			install
libopencv-core-dev:amd64			install
libopencv-core3.2:amd64				install
libopencv-dev					install
libopencv-features2d-dev:amd64			install
libopencv-features2d3.2:amd64			install
libopencv-flann-dev:amd64			install
libopencv-flann3.2:amd64			install
libopencv-highgui-dev:amd64			install
libopencv-highgui3.2:amd64			install
libopencv-imgcodecs-dev:amd64			install
libopencv-imgcodecs3.2:amd64			install
libopencv-imgproc-dev:amd64			install
libopencv-imgproc3.2:amd64			install
libopencv-ml-dev:amd64				install
libopencv-ml3.2:amd64				install
libopencv-objdetect-dev:amd64			install
libopencv-objdetect3.2:amd64			install
libopencv-photo-dev:amd64			install
libopencv-photo3.2:amd64			install
libopencv-shape-dev:amd64			install
libopencv-shape3.2:amd64			install
libopencv-stitching-dev:amd64			install
libopencv-stitching3.2:amd64			install
libopencv-superres-dev:amd64			install
libopencv-superres3.2:amd64			install
libopencv-ts-dev:amd64				install
libopencv-video-dev:amd64			install
libopencv-video3.2:amd64			install
libopencv-videoio-dev:amd64			install
libopencv-videoio3.2:amd64			install
libopencv-videostab-dev:amd64			install
libopencv-videostab3.2:amd64			install
libopencv-viz-dev:amd64				install
libopencv-viz3.2:amd64				install
libopencv3.2-java				install
libopencv3.2-jni				install
libopenexr-dev					install
libopenexr22:amd64				install
libopengl0:amd64				install
libopenjp2-7:amd64				install
libopenjp2-7:i386				install
libopenmpi2:amd64				install
libopenmpt-modplug1:amd64			install
libopenmpt0:amd64				install
libopus0:amd64					install
libopus0:i386					install
libopusfile0					install
liborc-0.4-0:amd64				install
liborc-0.4-0:i386				install
liborcus-0.13-0:amd64				install
libosmesa6:amd64				install
libosmesa6:i386					install
libostree-1-1:amd64				install
libp11-kit0:amd64				install
libp11-kit0:i386				install
libpackagekit-glib2-18:amd64			install
libpagemaker-0.0-0:amd64			install
libpam-cap:amd64				install
libpam-gnome-keyring:amd64			install
libpam-modules:amd64				install
libpam-modules-bin				install
libpam-runtime					install
libpam-systemd:amd64				install
libpam0g:amd64					install
libpango-1.0-0:amd64				install
libpango-1.0-0:i386				install
libpango1.0-dev					install
libpangocairo-1.0-0:amd64			install
libpangocairo-1.0-0:i386			install
libpangoft2-1.0-0:amd64				install
libpangoft2-1.0-0:i386				install
libpangomm-1.4-1v5:amd64			install
libpangoxft-1.0-0:amd64				install
libpaper-utils					install
libpaper1:amd64					install
libparse-debianchangelog-perl			install
libparted-fs-resize0:amd64			install
libparted2:amd64				install
libpathplan4					install
libpcap0.8:amd64				install
libpcap0.8:i386					install
libpcaudio0					install
libpci3:amd64					install
libpciaccess0:amd64				install
libpciaccess0:i386				install
libpcre16-3:amd64				install
libpcre2-16-0:amd64				install
libpcre2-32-0:amd64				install
libpcre2-8-0:amd64				install
libpcre2-dev:amd64				install
libpcre2-posix0:amd64				install
libpcre3:amd64					install
libpcre3:i386					install
libpcre3-dev:amd64				install
libpcre32-3:amd64				install
libpcrecpp0v5:amd64				install
libpcsclite1:amd64				install
libpeas-1.0-0:amd64				install
libpeas-common					install
libperl5.26:amd64				install
libperlio-gzip-perl				install
libpgm-5.2-0:amd64				install
libphonenumber7:amd64				install
libphonon4:amd64				install
libpipeline1:amd64				install
libpixman-1-0:amd64				install
libpixman-1-0:i386				install
libpixman-1-dev:amd64				install
libplacebo4:amd64				install
libplist3:amd64					install
libplymouth4:amd64				install
libpng-dev:amd64				install
libpng-tools					install
libpng16-16:amd64				install
libpng16-16:i386				install
libpolkit-agent-1-0:amd64			install
libpolkit-backend-1-0:amd64			install
libpolkit-gobject-1-0:amd64			install
libpoppler-glib8:amd64				install
libpoppler73:amd64				install
libpopt0:amd64					install
libportaudio2:amd64				install
libportaudiocpp0:amd64				install
libportmidi0:amd64				install
libpostproc54:amd64				install
libpostproc55:amd64				install
libpotrace0					install
libpq5:amd64					install
libprocps6:amd64				install
libproj19:amd64					install
libprotobuf-lite10:amd64			install
libprotobuf10:amd64				install
libproxy-tools					install
libproxy1-plugin-gsettings:amd64		install
libproxy1-plugin-networkmanager:amd64		install
libproxy1v5:amd64				install
libpsl5:amd64					install
libpsm-infinipath1				install
libptexenc1:amd64				install
libpthread-stubs0-dev:amd64			install
libpugixml1v5:amd64				install
libpulse-dev:amd64				install
libpulse-mainloop-glib0:amd64			install
libpulse0:amd64					install
libpulse0:i386					install
libpulsedsp:amd64				install
libpwquality-common				install
libpwquality1:amd64				install
libpyside1.2:amd64				install
libpython-all-dev:amd64				install
libpython-dev:amd64				install
libpython-stdlib:amd64				install
libpython2.7:amd64				install
libpython2.7-dev:amd64				install
libpython2.7-minimal:amd64			install
libpython2.7-stdlib:amd64			install
libpython3-dev:amd64				install
libpython3-stdlib:amd64				install
libpython3.6:amd64				install
libpython3.6-dev:amd64				install
libpython3.6-minimal:amd64			install
libpython3.6-stdlib:amd64			install
libqhull7:amd64					install
libqmi-glib5:amd64				install
libqmi-proxy					install
libqpdf21:amd64					install
libqqwing2v5:amd64				install
libqt4-dbus:amd64				install
libqt4-declarative:amd64			install
libqt4-help:amd64				install
libqt4-network:amd64				install
libqt4-opengl:amd64				install
libqt4-script:amd64				install
libqt4-scripttools:amd64			install
libqt4-sql:amd64				install
libqt4-svg:amd64				install
libqt4-test:amd64				install
libqt4-xml:amd64				install
libqt4-xmlpatterns:amd64			install
libqt5concurrent5:amd64				install
libqt5core5a:amd64				install
libqt5dbus5:amd64				install
libqt5designer5:amd64				install
libqt5designercomponents5:amd64			install
libqt5gui5:amd64				install
libqt5help5:amd64				install
libqt5network5:amd64				install
libqt5opengl5:amd64				install
libqt5opengl5-dev:amd64				install
libqt5positioning5:amd64			install
libqt5printsupport5:amd64			install
libqt5qml5:amd64				install
libqt5quick5:amd64				install
libqt5quickwidgets5:amd64			install
libqt5script5:amd64				install
libqt5scripttools5:amd64			install
libqt5sensors5:amd64				install
libqt5sql5:amd64				install
libqt5sql5-sqlite:amd64				install
libqt5svg5:amd64				install
libqt5test5:amd64				install
libqt5webchannel5:amd64				install
libqt5webkit5:amd64				install
libqt5widgets5:amd64				install
libqt5x11extras5:amd64				install
libqt5x11extras5-dev:amd64			install
libqt5xml5:amd64				install
libqtcore4:amd64				install
libqtdbus4:amd64				install
libqtgui4:amd64					install
libqtwebkit4:amd64				install
libquadmath0:amd64				install
libraptor2-0:amd64				install
librasqal3:amd64				install
libraw1394-11:amd64				install
libraw1394-dev:amd64				install
libraw1394-tools				install
libraw16:amd64					install
librdf0:amd64					install
librdmacm1:amd64				install
libreadline-dev:amd64				install
libreadline7:amd64				install
libreoffice-avmedia-backend-gstreamer		install
libreoffice-base-core				install
libreoffice-calc				install
libreoffice-common				install
libreoffice-core				install
libreoffice-draw				install
libreoffice-gnome				install
libreoffice-gtk3				install
libreoffice-help-en-us				install
libreoffice-impress				install
libreoffice-math				install
libreoffice-ogltrans				install
libreoffice-pdfimport				install
libreoffice-style-breeze			install
libreoffice-style-galaxy			install
libreoffice-style-tango				install
libreoffice-writer				install
libresid-builder0c2a				install
librest-0.7-0:amd64				install
librevenge-0.0-0:amd64				install
librhythmbox-core10:amd64			install
libroken18-heimdal:amd64			install
libroken18-heimdal:i386				install
librospack0d:amd64				install
librsvg2-2:amd64				install
librsvg2-2:i386					install
librsvg2-common:amd64				install
librsvg2-common:i386				install
librtaudio-dev:amd64				install
librtaudio6:amd64				install
librtmidi-dev:amd64				install
librtmidi4:amd64				install
librtmp1:amd64					install
librubberband2:amd64				install
libruby2.5:amd64				install
libsamplerate0:amd64				install
libsamplerate0:i386				install
libsamplerate0-dev:amd64			install
libsane-common					install
libsane-hpaio:amd64				install
libsane1:amd64					install
libsane1:i386					install
libsasl2-2:amd64				install
libsasl2-2:i386					install
libsasl2-modules:amd64				install
libsasl2-modules:i386				install
libsasl2-modules-db:amd64			install
libsasl2-modules-db:i386			install
libsbc1:amd64					install
libsctp1:amd64					install
libsdl-image1.2:amd64				install
libsdl1.2-dev					install
libsdl1.2debian:amd64				install
libsdl2-2.0-0:amd64				install
libsdl2-2.0-0:i386				install
libseccomp2:amd64				install
libsecret-1-0:amd64				install
libsecret-common				install
libselinux1:amd64				install
libselinux1:i386				install
libsemanage-common				install
libsemanage1:amd64				install
libsensors4:amd64				install
libsensors4:i386				install
libsepol1:amd64					install
libserd-0-0:amd64				install
libsgutils2-2					install
libshiboken1.2v5:amd64				install
libshine3:amd64					install
libshine3:i386					install
libshout3:amd64					install
libsidplay1v5:amd64				install
libsidplay2					install
libsigc++-2.0-0v5:amd64				install
libsigsegv2:amd64				install
libslang2:amd64					install
libslang2-dev:amd64				install
libsm-dev:amd64					install
libsm6:amd64					install
libsmartcols1:amd64				install
libsmbclient:amd64				install
libsmbios-c2					install
libsnapd-glib1:amd64				install
libsnappy1v5:amd64				install
libsnappy1v5:i386				install
libsndfile1:amd64				install
libsndfile1:i386				install
libsndfile1-dev					install
libsndio6.1:amd64				install
libsndio6.1:i386				install
libsnmp-base					install
libsnmp30:amd64					install
libsocket++1:amd64				install
libsocket6-perl					install
libsodium23:amd64				install
libsonic0:amd64					install
libsord-0-0:amd64				install
libsoundio-dev:amd64				install
libsoundio1:amd64				install
libsoup-gnome2.4-1:amd64			install
libsoup2.4-1:amd64				install
libsoxr0:amd64					install
libsoxr0:i386					install
libspatialite7:amd64				install
libspectre1:amd64				install
libspeechd2:amd64				install
libspeex1:amd64					install
libspeex1:i386					install
libspeexdsp1:amd64				install
libspeexdsp1:i386				install
libsqlite3-0:amd64				install
libsqlite3-0:i386				install
libsqlite3-dev:amd64				install
libsratom-0-0:amd64				install
libss2:amd64					install
libssh-4:amd64					install
libssh-gcrypt-4:amd64				install
libssh2-1:amd64					install
libssl-dev:amd64				install
libssl1.0.0:amd64				install
libssl1.1:amd64					install
libssl1.1:i386					install
libstartup-notification0:amd64			install
libstb0:amd64					install
libstb0:i386					install
libstdc++-6-dev:amd64				install
libstdc++-7-dev:amd64				install
libstdc++6:amd64				install
libstdc++6:i386					install
libstemmer0d:amd64				install
libstk-4.5.0:amd64				install
libstk0-dev:amd64				install
libsub-name-perl				install
libsuitesparseconfig5:amd64			install
libswresample-dev:amd64				install
libswresample2:amd64				install
libswresample3:amd64				install
libswresample3:i386				install
libswscale-dev:amd64				install
libswscale4:amd64				install
libswscale5:amd64				install
libsynctex1:amd64				install
libsys-hostname-long-perl			install
libsysmetrics1:amd64				install
libsystemd0:amd64				install
libsystemd0:i386				install
libsz2:amd64					install
libtag1v5:amd64					install
libtag1v5-vanilla:amd64				install
libtalloc2:amd64				install
libtasn1-6:amd64				install
libtasn1-6:i386					install
libtbb-dev:amd64				install
libtbb2:amd64					install
libtcl8.6:amd64					install
libtdb1:amd64					install
libteamdctl0:amd64				install
libtesseract-dev				install
libtesseract4					install
libtevent0:amd64				install
libtexlua52:amd64				install
libtexluajit2:amd64				install
libtext-charwidth-perl				install
libtext-iconv-perl				install
libtext-levenshtein-perl			install
libtext-wrapi18n-perl				install
libthai-data					install
libthai0:amd64					install
libthai0:i386					install
libtheora0:amd64				install
libtheora0:i386					install
libthrust-dev					install
libtie-ixhash-perl				install
libtiff-dev					install
libtiff5:amd64					install
libtiff5:i386					install
libtiff5-dev:amd64				install
libtiffxx5:amd64				install
libtimedate-perl				install
libtinfo-dev:amd64				install
libtinfo5:amd64					install
libtinfo5:i386					install
libtinyxml2-6:amd64				install
libtinyxml2.6.2v5:amd64				install
libtk8.6:amd64					install
libtool						install
libtotem-plparser-common			install
libtotem-plparser18:amd64			install
libtotem0:amd64					install
libtracker-sparql-2.0-0:amd64			install
libtry-tiny-perl				install
libtsan0:amd64					install
libtwolame0:amd64				install
libtwolame0:i386				install
libu2f-udev					install
libubsan0:amd64					install
libudev-dev:amd64				install
libudev1:amd64					install
libudev1:i386					install
libudisks2-0:amd64				install
libumfpack5:amd64				install
libunibreak1					install
libunistring2:amd64				install
libunistring2:i386				install
libunity-protocol-private0:amd64		install
libunity-scopes-json-def-desktop		install
libunity9:amd64					install
libunwind8:amd64				install
libupnp6:amd64					install
libupower-glib3:amd64				install
liburi-perl					install
liburiparser1:amd64				install
libusageenvironment3:amd64			install
libusb-1.0-0:amd64				install
libusb-1.0-0:i386				install
libusbmuxd4:amd64				install
libutempter0:amd64				install
libuuid1:amd64					install
libuuid1:i386					install
libv4l-0:amd64					install
libv4l-0:i386					install
libv4l-dev:amd64				install
libv4l2rds0:amd64				install
libv4lconvert0:amd64				install
libv4lconvert0:i386				install
libva-drm2:amd64				install
libva-drm2:i386					install
libva-wayland2:amd64				install
libva-x11-2:amd64				install
libva-x11-2:i386				install
libva2:amd64					install
libva2:i386					install
libvdpau-dev:amd64				install
libvdpau1:amd64					install
libvdpau1:i386					install
libvidstab1.1:amd64				install
libvisio-0.1-1:amd64				install
libvisual-0.4-0:amd64				install
libvisual-0.4-0:i386				install
libvlc-bin:amd64				install
libvlc5:amd64					install
libvlccore9:amd64				install
libvncclient1:amd64				install
libvolume-key1					install
libvorbis-dev:amd64				install
libvorbis0a:amd64				install
libvorbis0a:i386				install
libvorbisenc2:amd64				install
libvorbisenc2:i386				install
libvorbisfile3:amd64				install
libvpx5:amd64					install
libvpx5:i386					install
libvsqlitepp3v5:amd64				install
libvte-2.91-0:amd64				install
libvte-2.91-common				install
libvtk6.3					install
libvulkan1:amd64				install
libwacom-bin					install
libwacom-common					install
libwacom-dev					install
libwacom2:amd64					install
libwavpack1:amd64				install
libwavpack1:i386				install
libwayland-bin					install
libwayland-client0:amd64			install
libwayland-client0:i386				install
libwayland-cursor0:amd64			install
libwayland-cursor0:i386				install
libwayland-dev:amd64				install
libwayland-egl1:amd64				install
libwayland-egl1:i386				install
libwayland-egl1-mesa:amd64			install
libwayland-server0:amd64			install
libwayland-server0:i386				install
libwbclient0:amd64				install
libwebkit2gtk-4.0-37:amd64			install
libwebp6:amd64					install
libwebp6:i386					install
libwebpdemux2:amd64				install
libwebpmux3:amd64				install
libwebpmux3:i386				install
libwebrtc-audio-processing1:amd64		install
libwhoopsie-preferences0			install
libwhoopsie0:amd64				install
libwind0-heimdal:amd64				install
libwind0-heimdal:i386				install
libwinpr2-2:amd64				install
libwmf0.2-7:amd64				install
libwmf0.2-7-gtk					install
libwnck-3-0:amd64				install
libwnck-3-common				install
libwoff1:amd64					install
libwpd-0.10-10:amd64				install
libwpg-0.3-3:amd64				install
libwps-0.4-4:amd64				install
libwrap0:amd64					install
libwrap0:i386					install
libwww-perl					install
libwww-robotrules-perl				install
libwxbase3.0-0v5:amd64				install
libwxgtk3.0-0v5:amd64				install
libx11-6:amd64					install
libx11-6:i386					install
libx11-data					install
libx11-dev:amd64				install
libx11-doc					install
libx11-protocol-perl				install
libx11-xcb-dev:amd64				install
libx11-xcb1:amd64				install
libx11-xcb1:i386				install
libx264-152:amd64				install
libx264-152:i386				install
libx264-dev:amd64				install
libx265-146:amd64				install
libx265-146:i386				install
libxapian30:amd64				install
libxatracker2:amd64				install
libxau-dev:amd64				install
libxau6:amd64					install
libxau6:i386					install
libxaw7:amd64					install
libxcb-dri2-0:amd64				install
libxcb-dri2-0:i386				install
libxcb-dri2-0-dev:amd64				install
libxcb-dri3-0:amd64				install
libxcb-dri3-0:i386				install
libxcb-dri3-dev:amd64				install
libxcb-glx0:amd64				install
libxcb-glx0:i386				install
libxcb-glx0-dev:amd64				install
libxcb-icccm4:amd64				install
libxcb-image0:amd64				install
libxcb-keysyms1:amd64				install
libxcb-keysyms1-dev:amd64			install
libxcb-present-dev:amd64			install
libxcb-present0:amd64				install
libxcb-present0:i386				install
libxcb-randr0:amd64				install
libxcb-randr0-dev:amd64				install
libxcb-render-util0:amd64			install
libxcb-render0:amd64				install
libxcb-render0:i386				install
libxcb-render0-dev:amd64			install
libxcb-res0:amd64				install
libxcb-shape0:amd64				install
libxcb-shape0-dev:amd64				install
libxcb-shm0:amd64				install
libxcb-shm0:i386				install
libxcb-shm0-dev:amd64				install
libxcb-sync-dev:amd64				install
libxcb-sync1:amd64				install
libxcb-sync1:i386				install
libxcb-util-dev:amd64				install
libxcb-util0-dev:amd64				install
libxcb-util1:amd64				install
libxcb-xfixes0:amd64				install
libxcb-xfixes0:i386				install
libxcb-xfixes0-dev:amd64			install
libxcb-xinerama0:amd64				install
libxcb-xkb1:amd64				install
libxcb-xtest0:amd64				install
libxcb-xv0:amd64				install
libxcb1:amd64					install
libxcb1:i386					install
libxcb1-dev:amd64				install
libxcomposite-dev:amd64				install
libxcomposite1:amd64				install
libxcomposite1:i386				install
libxcursor-dev:amd64				install
libxcursor1:amd64				install
libxcursor1:i386				install
libxdamage-dev:amd64				install
libxdamage1:amd64				install
libxdamage1:i386				install
libxdmcp-dev:amd64				install
libxdmcp6:amd64					install
libxdmcp6:i386					install
libxerces-c3.2:amd64				install
libxext-dev:amd64				install
libxext6:amd64					install
libxext6:i386					install
libxfixes-dev:amd64				install
libxfixes3:amd64				install
libxfixes3:i386					install
libxfont2:amd64					install
libxft-dev					install
libxft2:amd64					install
libxi-dev:amd64					install
libxi6:amd64					install
libxi6:i386					install
libxinerama-dev:amd64				install
libxinerama1:amd64				install
libxinerama1:i386				install
libxkbcommon-dev:amd64				install
libxkbcommon-x11-0:amd64			install
libxkbcommon0:amd64				install
libxkbcommon0:i386				install
libxkbfile1:amd64				install
libxklavier16:amd64				install
libxml-libxml-perl				install
libxml-namespacesupport-perl			install
libxml-parser-perl				install
libxml-perl					install
libxml-sax-base-perl				install
libxml-sax-expat-perl				install
libxml-sax-perl					install
libxml-simple-perl				install
libxml-twig-perl				install
libxml-xpathengine-perl				install
libxml2:amd64					install
libxml2:i386					install
libxml2-utils					install
libxmlb1:amd64					install
libxmlsec1:amd64				install
libxmlsec1-nss:amd64				install
libxmu-dev:amd64				install
libxmu-headers					install
libxmu6:amd64					install
libxmuu1:amd64					install
libxnvctrl0:amd64				install
libxpm4:amd64					install
libxpm4:i386					install
libxrandr-dev:amd64				install
libxrandr2:amd64				install
libxrandr2:i386					install
libxrender-dev:amd64				install
libxrender1:amd64				install
libxrender1:i386				install
libxres1:amd64					install
libxshmfence-dev:amd64				install
libxshmfence1:amd64				install
libxshmfence1:i386				install
libxslt1.1:amd64				install
libxslt1.1:i386					install
libxss1:amd64					install
libxss1:i386					install
libxt-dev:amd64					install
libxt6:amd64					install
libxtables12:amd64				install
libxtst-dev:amd64				install
libxtst6:amd64					install
libxv1:amd64					install
libxvidcore-dev:amd64				install
libxvidcore4:amd64				install
libxvidcore4:i386				install
libxvmc1:amd64					install
libxxf86dga1:amd64				install
libxxf86vm-dev:amd64				install
libxxf86vm1:amd64				install
libxxf86vm1:i386				install
libyajl2:amd64					install
libyaml-0-2:amd64				install
libyaml-libyaml-perl				install
libyelp0:amd64					install
libzeitgeist-2.0-0:amd64			install
libzip4:amd64					install
libzlcore-data					install
libzlcore0.13					install
libzltext-data					install
libzltext0.13					install
libzlui-qt4					install
libzmq5:amd64					install
libzstd1:amd64					install
libzstd1:i386					install
libzvbi-common					install
libzvbi0:amd64					install
libzvbi0:i386					install
libzzip-0-13:amd64				install
light-themes					install
lintian						install
linux-base					install
linux-firmware					install
linux-generic-hwe-18.04				install
linux-headers-5.3.0-62				install
linux-headers-5.3.0-62-generic			install
linux-headers-5.4.0-131-generic			install
linux-headers-5.4.0-132-generic			install
linux-headers-5.4.0-42-generic			install
linux-headers-generic-hwe-18.04			install
linux-hwe-5.4-headers-5.4.0-100			install
linux-hwe-5.4-headers-5.4.0-104			install
linux-hwe-5.4-headers-5.4.0-105			install
linux-hwe-5.4-headers-5.4.0-107			install
linux-hwe-5.4-headers-5.4.0-109			install
linux-hwe-5.4-headers-5.4.0-110			install
linux-hwe-5.4-headers-5.4.0-126			install
linux-hwe-5.4-headers-5.4.0-128			install
linux-hwe-5.4-headers-5.4.0-131			install
linux-hwe-5.4-headers-5.4.0-132			install
linux-hwe-5.4-headers-5.4.0-42			install
linux-hwe-5.4-headers-5.4.0-47			install
linux-hwe-5.4-headers-5.4.0-48			install
linux-hwe-5.4-headers-5.4.0-51			install
linux-hwe-5.4-headers-5.4.0-52			install
linux-hwe-5.4-headers-5.4.0-58			install
linux-hwe-5.4-headers-5.4.0-60			install
linux-hwe-5.4-headers-5.4.0-62			install
linux-hwe-5.4-headers-5.4.0-65			install
linux-hwe-5.4-headers-5.4.0-66			install
linux-hwe-5.4-headers-5.4.0-67			install
linux-hwe-5.4-headers-5.4.0-70			install
linux-hwe-5.4-headers-5.4.0-72			install
linux-hwe-5.4-headers-5.4.0-73			install
linux-hwe-5.4-headers-5.4.0-74			install
linux-hwe-5.4-headers-5.4.0-77			install
linux-hwe-5.4-headers-5.4.0-80			install
linux-hwe-5.4-headers-5.4.0-81			install
linux-hwe-5.4-headers-5.4.0-84			install
linux-hwe-5.4-headers-5.4.0-86			install
linux-hwe-5.4-headers-5.4.0-87			install
linux-hwe-5.4-headers-5.4.0-89			install
linux-hwe-5.4-headers-5.4.0-90			install
linux-hwe-5.4-headers-5.4.0-91			install
linux-hwe-5.4-headers-5.4.0-92			install
linux-hwe-5.4-headers-5.4.0-94			install
linux-hwe-5.4-headers-5.4.0-96			install
linux-hwe-5.4-headers-5.4.0-97			install
linux-hwe-5.4-headers-5.4.0-99			install
linux-image-5.0.0-23-generic			deinstall
linux-image-5.0.0-37-generic			deinstall
linux-image-5.3.0-26-generic			deinstall
linux-image-5.3.0-28-generic			deinstall
linux-image-5.3.0-40-generic			deinstall
linux-image-5.3.0-42-generic			deinstall
linux-image-5.3.0-45-generic			deinstall
linux-image-5.3.0-46-generic			deinstall
linux-image-5.3.0-51-generic			deinstall
linux-image-5.3.0-53-generic			deinstall
linux-image-5.3.0-59-generic			deinstall
linux-image-5.3.0-61-generic			deinstall
linux-image-5.3.0-62-generic			deinstall
linux-image-5.4.0-100-generic			deinstall
linux-image-5.4.0-104-generic			deinstall
linux-image-5.4.0-105-generic			deinstall
linux-image-5.4.0-107-generic			deinstall
linux-image-5.4.0-109-generic			deinstall
linux-image-5.4.0-110-generic			deinstall
linux-image-5.4.0-126-generic			deinstall
linux-image-5.4.0-128-generic			deinstall
linux-image-5.4.0-131-generic			install
linux-image-5.4.0-132-generic			install
linux-image-5.4.0-42-generic			deinstall
linux-image-5.4.0-45-generic			deinstall
linux-image-5.4.0-47-generic			deinstall
linux-image-5.4.0-48-generic			deinstall
linux-image-5.4.0-51-generic			deinstall
linux-image-5.4.0-52-generic			deinstall
linux-image-5.4.0-58-generic			deinstall
linux-image-5.4.0-60-generic			deinstall
linux-image-5.4.0-62-generic			deinstall
linux-image-5.4.0-65-generic			deinstall
linux-image-5.4.0-66-generic			deinstall
linux-image-5.4.0-67-generic			deinstall
linux-image-5.4.0-70-generic			deinstall
linux-image-5.4.0-72-generic			deinstall
linux-image-5.4.0-73-generic			deinstall
linux-image-5.4.0-74-generic			deinstall
linux-image-5.4.0-77-generic			deinstall
linux-image-5.4.0-80-generic			deinstall
linux-image-5.4.0-81-generic			deinstall
linux-image-5.4.0-84-generic			deinstall
linux-image-5.4.0-86-generic			deinstall
linux-image-5.4.0-87-generic			deinstall
linux-image-5.4.0-89-generic			deinstall
linux-image-5.4.0-90-generic			deinstall
linux-image-5.4.0-91-generic			deinstall
linux-image-5.4.0-92-generic			deinstall
linux-image-5.4.0-94-generic			deinstall
linux-image-5.4.0-96-generic			deinstall
linux-image-5.4.0-97-generic			deinstall
linux-image-5.4.0-99-generic			deinstall
linux-image-generic-hwe-18.04			install
linux-libc-dev:amd64				install
linux-modules-5.0.0-23-generic			deinstall
linux-modules-5.0.0-37-generic			deinstall
linux-modules-5.3.0-26-generic			deinstall
linux-modules-5.3.0-28-generic			deinstall
linux-modules-5.3.0-40-generic			deinstall
linux-modules-5.3.0-42-generic			deinstall
linux-modules-5.3.0-45-generic			deinstall
linux-modules-5.3.0-46-generic			deinstall
linux-modules-5.3.0-51-generic			deinstall
linux-modules-5.3.0-53-generic			deinstall
linux-modules-5.3.0-59-generic			deinstall
linux-modules-5.3.0-61-generic			deinstall
linux-modules-5.3.0-62-generic			deinstall
linux-modules-5.4.0-100-generic			deinstall
linux-modules-5.4.0-104-generic			deinstall
linux-modules-5.4.0-105-generic			deinstall
linux-modules-5.4.0-107-generic			deinstall
linux-modules-5.4.0-109-generic			deinstall
linux-modules-5.4.0-110-generic			deinstall
linux-modules-5.4.0-126-generic			deinstall
linux-modules-5.4.0-128-generic			deinstall
linux-modules-5.4.0-131-generic			install
linux-modules-5.4.0-132-generic			install
linux-modules-5.4.0-42-generic			deinstall
linux-modules-5.4.0-45-generic			deinstall
linux-modules-5.4.0-47-generic			deinstall
linux-modules-5.4.0-48-generic			deinstall
linux-modules-5.4.0-51-generic			deinstall
linux-modules-5.4.0-52-generic			deinstall
linux-modules-5.4.0-58-generic			deinstall
linux-modules-5.4.0-60-generic			deinstall
linux-modules-5.4.0-62-generic			deinstall
linux-modules-5.4.0-65-generic			deinstall
linux-modules-5.4.0-66-generic			deinstall
linux-modules-5.4.0-67-generic			deinstall
linux-modules-5.4.0-70-generic			deinstall
linux-modules-5.4.0-72-generic			deinstall
linux-modules-5.4.0-73-generic			deinstall
linux-modules-5.4.0-74-generic			deinstall
linux-modules-5.4.0-77-generic			deinstall
linux-modules-5.4.0-80-generic			deinstall
linux-modules-5.4.0-81-generic			deinstall
linux-modules-5.4.0-84-generic			deinstall
linux-modules-5.4.0-86-generic			deinstall
linux-modules-5.4.0-87-generic			deinstall
linux-modules-5.4.0-89-generic			deinstall
linux-modules-5.4.0-90-generic			deinstall
linux-modules-5.4.0-91-generic			deinstall
linux-modules-5.4.0-92-generic			deinstall
linux-modules-5.4.0-94-generic			deinstall
linux-modules-5.4.0-96-generic			deinstall
linux-modules-5.4.0-97-generic			deinstall
linux-modules-5.4.0-99-generic			deinstall
linux-modules-extra-5.0.0-23-generic		deinstall
linux-modules-extra-5.0.0-37-generic		deinstall
linux-modules-extra-5.3.0-26-generic		deinstall
linux-modules-extra-5.3.0-28-generic		deinstall
linux-modules-extra-5.3.0-40-generic		deinstall
linux-modules-extra-5.3.0-42-generic		deinstall
linux-modules-extra-5.3.0-45-generic		deinstall
linux-modules-extra-5.3.0-46-generic		deinstall
linux-modules-extra-5.3.0-51-generic		deinstall
linux-modules-extra-5.3.0-53-generic		deinstall
linux-modules-extra-5.3.0-59-generic		deinstall
linux-modules-extra-5.3.0-61-generic		deinstall
linux-modules-extra-5.3.0-62-generic		deinstall
linux-modules-extra-5.4.0-100-generic		deinstall
linux-modules-extra-5.4.0-104-generic		deinstall
linux-modules-extra-5.4.0-105-generic		deinstall
linux-modules-extra-5.4.0-107-generic		deinstall
linux-modules-extra-5.4.0-109-generic		deinstall
linux-modules-extra-5.4.0-110-generic		deinstall
linux-modules-extra-5.4.0-126-generic		deinstall
linux-modules-extra-5.4.0-128-generic		deinstall
linux-modules-extra-5.4.0-131-generic		install
linux-modules-extra-5.4.0-132-generic		install
linux-modules-extra-5.4.0-42-generic		deinstall
linux-modules-extra-5.4.0-45-generic		deinstall
linux-modules-extra-5.4.0-47-generic		deinstall
linux-modules-extra-5.4.0-48-generic		deinstall
linux-modules-extra-5.4.0-51-generic		deinstall
linux-modules-extra-5.4.0-52-generic		deinstall
linux-modules-extra-5.4.0-58-generic		deinstall
linux-modules-extra-5.4.0-60-generic		deinstall
linux-modules-extra-5.4.0-62-generic		deinstall
linux-modules-extra-5.4.0-65-generic		deinstall
linux-modules-extra-5.4.0-66-generic		deinstall
linux-modules-extra-5.4.0-67-generic		deinstall
linux-modules-extra-5.4.0-70-generic		deinstall
linux-modules-extra-5.4.0-72-generic		deinstall
linux-modules-extra-5.4.0-73-generic		deinstall
linux-modules-extra-5.4.0-74-generic		deinstall
linux-modules-extra-5.4.0-77-generic		deinstall
linux-modules-extra-5.4.0-80-generic		deinstall
linux-modules-extra-5.4.0-81-generic		deinstall
linux-modules-extra-5.4.0-84-generic		deinstall
linux-modules-extra-5.4.0-86-generic		deinstall
linux-modules-extra-5.4.0-87-generic		deinstall
linux-modules-extra-5.4.0-89-generic		deinstall
linux-modules-extra-5.4.0-90-generic		deinstall
linux-modules-extra-5.4.0-91-generic		deinstall
linux-modules-extra-5.4.0-92-generic		deinstall
linux-modules-extra-5.4.0-94-generic		deinstall
linux-modules-extra-5.4.0-96-generic		deinstall
linux-modules-extra-5.4.0-97-generic		deinstall
linux-modules-extra-5.4.0-99-generic		deinstall
linux-sound-base				install
lmms						install
lmms-common					install
lmodern						install
locales						install
login						install
logrotate					install
lp-solve					install
lsb-base					install
lsb-release					install
lshw						install
lsof						install
ltrace						install
m4						install
make						install
man-db						install
manpages					install
manpages-dev					install
mawk						install
media-player-info				install
memtest86+					install
mesa-common-dev:amd64				install
mesa-va-drivers:amd64				install
mesa-va-drivers:i386				install
mesa-vdpau-drivers:amd64			install
mesa-vdpau-drivers:i386				install
mime-support					install
mixxx						install
mlocate						install
mobile-broadband-provider-info			install
modemmanager					install
mongodb-compass					install
mongodb-database-tools				install
mongodb-org					hold
mongodb-org-database-tools-extra		install
mongodb-org-mongos				hold
mongodb-org-server				hold
mongodb-org-shell				hold
mongodb-org-tools				hold
mongodb-server					deinstall
mount						install
mousetweaks					install
mscompress					install
mtools						install
mtr-tiny					install
multiarch-support				install
mutter						install
mutter-common					install
mysql-client-5.7				install
mysql-client-core-5.7				install
mysql-common					install
mysql-server					install
mysql-server-5.7				install
mysql-server-core-5.7				install
mysql-utilities					install
mysql-workbench					install
mysql-workbench-data				install
mythes-en-us					install
nano						install
nautilus					install
nautilus-data					install
nautilus-extension-gnome-terminal		install
nautilus-sendto					install
nautilus-share					install
ncurses-base					install
ncurses-bin					install
ncurses-term					install
net-tools					install
netbase						install
netcat-openbsd					install
netpbm						install
netplan.io					install
network-manager					install
network-manager-config-connectivity-ubuntu	install
network-manager-gnome				install
network-manager-pptp				install
network-manager-pptp-gnome			install
networkd-dispatcher				install
nginx						install
nginx-common					install
nginx-core					install
nmap						install
notification-daemon				install
nplan						install
nsight-compute-2020.1.1				install
nsight-systems-2020.3.2				install
ntfs-3g						install
nvidia-compute-utils-435			deinstall
nvidia-compute-utils-440			deinstall
nvidia-compute-utils-450			install
nvidia-cuda-dev					install
nvidia-cuda-doc					install
nvidia-cuda-gdb					install
nvidia-cuda-toolkit				install
nvidia-dkms-435					deinstall
nvidia-dkms-440					deinstall
nvidia-dkms-450					install
nvidia-driver-450				install
nvidia-kernel-common-435			deinstall
nvidia-kernel-common-440			deinstall
nvidia-kernel-common-450			install
nvidia-kernel-source-450			install
nvidia-machine-learning-repo-ubuntu1804		install
nvidia-modprobe					install
nvidia-opencl-dev:amd64				install
nvidia-prime					install
nvidia-profiler					install
nvidia-settings					install
nvidia-utils-450				install
nvidia-visual-profiler				install
ocl-icd-libopencl1:amd64			install
ocl-icd-libopencl1:i386				install
ocl-icd-opencl-dev:amd64			install
odbcinst					install
odbcinst1debian2:amd64				install
opencl-c-headers				install
opencv-data					install
openjdk-11-jdk:amd64				install
openjdk-11-jdk-headless:amd64			install
openjdk-11-jre:amd64				install
openjdk-11-jre-headless:amd64			install
openjdk-8-jre:amd64				install
openjdk-8-jre-headless:amd64			install
openmpi-bin					install
openmpi-common					install
openprinting-ppds				install
openssh-client					install
openssh-server					install
openssh-sftp-server				install
openssl						install
opera-stable					install
orca						install
os-prober					install
p11-kit						install
p11-kit-modules:amd64				install
packagekit					install
packagekit-tools				install
pandoc						install
pandoc-data					install
parted						install
passwd						install
patch						install
patchutils					install
pciutils					install
pcmciautils					install
pepperflashplugin-nonfree			install
perl						install
perl-base					install
perl-modules-5.26				install
perl-openssl-defaults:amd64			install
pgadmin4					install
pgadmin4-desktop				install
pgadmin4-server					install
pgadmin4-web					install
phonon:amd64					install
phonon-backend-gstreamer:amd64			install
phonon-backend-gstreamer-common:amd64		install
pigz						install
pinentry-curses					install
pinentry-gnome3					install
pkg-config					install
plymouth					install
plymouth-label					install
plymouth-theme-ubuntu-logo			install
plymouth-theme-ubuntu-text			install
po-debconf					install
policykit-1					install
policykit-desktop-privileges			install
poppler-data					install
poppler-utils					install
popularity-contest				install
portaudio19-dev:amd64				install
postgresql					install
postgresql-10					install
postgresql-client-10				install
postgresql-client-common			install
postgresql-common				install
postgresql-contrib				install
powermgmt-base					install
ppp						install
pppconfig					install
pppoeconf					install
pptp-linux					install
preview-latex-style				install
printer-driver-brlaser				install
printer-driver-c2esp				install
printer-driver-foo2zjs				install
printer-driver-foo2zjs-common			install
printer-driver-gutenprint			install
printer-driver-hpcups				install
printer-driver-m2300w				install
printer-driver-min12xxw				install
printer-driver-pnm2ppa				install
printer-driver-postscript-hp			install
printer-driver-ptouch				install
printer-driver-pxljr				install
printer-driver-sag-gdi				install
printer-driver-splix				install
procps						install
proj-bin					install
proj-data					install
psmisc						install
publicsuffix					install
pulseaudio					install
pulseaudio-module-bluetooth			install
pulseaudio-utils				install
putty						install
putty-tools					install
python						install
python-all					install
python-all-dev					install
python-apt-common				install
python-asn1crypto				install
python-backports.ssl-match-hostname		install
python-cached-property				install
python-cairo:amd64				install
python-catkin-pkg				install
python-catkin-pkg-modules			install
python-certifi					install
python-cffi-backend				install
python-chardet					install
python-crypto					install
python-cryptography				install
python-dateutil					install
python-dbus					install
python-dev					install
python-docker					install
python-dockerpty				install
python-dockerpycreds				install
python-docopt					install
python-docutils					install
python-enum34					install
python-funcsigs					install
python-functools32				install
python-gi					install
python-gobject-2				install
python-gtk2					install
python-idna					install
python-ipaddress				install
python-jsonschema				install
python-keyring					install
python-keyrings.alt				install
python-matplotlib-data				install
python-minimal					install
python-mock					install
python-mysql.connector				install
python-olefile					install
python-openssl					install
python-paramiko					install
python-pbr					install
python-pexpect					install
python-pil:amd64				install
python-pil.imagetk:amd64			install
python-pip					install
python-pip-whl					install
python-pkg-resources				install
python-ptyprocess				install
python-pyasn1					install
python-pygments					install
python-pyodbc					install
python-pyparsing				install
python-pyside					install
python-pyside.phonon				install
python-pyside.qtcore				install
python-pyside.qtdeclarative			install
python-pyside.qtgui				install
python-pyside.qthelp				install
python-pyside.qtnetwork				install
python-pyside.qtopengl				install
python-pyside.qtscript				install
python-pyside.qtsql				install
python-pyside.qtsvg				install
python-pyside.qttest				install
python-pyside.qtuitools				install
python-pyside.qtwebkit				install
python-pyside.qtxml				install
python-pysqlite2				install
python-requests					install
python-roman					install
python-rosdep					install
python-rosdep-modules				install
python-rosdistro				install
python-rosdistro-modules			install
python-rospkg					install
python-rospkg-modules				install
python-secretstorage				install
python-setuptools				install
python-six					install
python-talloc					install
python-texttable				install
python-tk					install
python-urllib3					install
python-websocket				install
python-wheel					install
python-xdg					install
python-yaml					install
python2.7					install
python2.7-dev					install
python2.7-minimal				install
python3						install
python3-apport					install
python3-apt					install
python3-aptdaemon				install
python3-aptdaemon.gtk3widgets			install
python3-asn1crypto				install
python3-brlapi					install
python3-bs4					install
python3-cairo:amd64				install
python3-certifi					install
python3-cffi-backend				install
python3-chardet					install
python3-commandnotfound				install
python3-crypto					install
python3-cryptography				install
python3-cups					install
python3-cupshelpers				install
python3-cycler					install
python3-dateutil				install
python3-dbus					install
python3-debconf					install
python3-debian					install
python3-decorator				install
python3-defer					install
python3-dev					install
python3-distro-info				install
python3-distupgrade				install
python3-distutils				install
python3-gdbm:amd64				install
python3-gi					install
python3-gi-cairo				install
python3-html5lib				install
python3-httplib2				install
python3-idna					install
python3-jsonschema				deinstall
python3-keyring					install
python3-keyrings.alt				install
python3-launchpadlib				install
python3-lazr.restfulclient			install
python3-lazr.uri				install
python3-lib2to3					install
python3-louis					install
python3-lxml:amd64				install
python3-macaroonbakery				install
python3-mako					install
python3-markupsafe				install
python3-matplotlib				install
python3-minimal					install
python3-nacl					install
python3-netifaces				install
python3-numpy					install
python3-oauth					install
python3-olefile					install
python3-opencv					install
python3-pexpect					install
python3-pil:amd64				install
python3-pip					install
python3-pkg-resources				install
python3-problem-report				install
python3-protobuf				install
python3-ptyprocess				install
python3-pyatspi					install
python3-pymacaroons				install
python3-pyparsing				install
python3-renderpm:amd64				install
python3-reportlab				install
python3-reportlab-accel:amd64			install
python3-requests				install
python3-requests-unixsocket			install
python3-rfc3339					install
python3-scipy					install
python3-scour					install
python3-secretstorage				install
python3-setuptools				install
python3-simplejson				install
python3-sip					install
python3-six					install
python3-software-properties			install
python3-speechd					install
python3-systemd					install
python3-tk:amd64				install
python3-tz					install
python3-uno					install
python3-update-manager				install
python3-urllib3					install
python3-wadllib					install
python3-webencodings				install
python3-wheel					install
python3-xdg					install
python3-xkit					install
python3-yaml					install
python3-zope.interface				install
python3.6					install
python3.6-dev					install
python3.6-minimal				install
qdbus						install
qpdf						install
qt-at-spi:amd64					install
qt5-assistant					install
qt5-default:amd64				install
qt5-gtk-platformtheme:amd64			install
qt5-image-formats-plugins:amd64			install
qt5-qmake:amd64					install
qt5-qmake-bin					install
qtbase5-dev:amd64				install
qtbase5-dev-tools				install
qtbase5-private-dev:amd64			install
qtchooser					install
qtcore4-l10n					install
qttools5-dev:amd64				install
qttools5-dev-tools				install
qttranslations5-l10n				install
r-base						install
r-base-core					install
r-base-dev					install
r-base-html					install
r-cran-boot					install
r-cran-class					install
r-cran-cluster					install
r-cran-codetools				install
r-cran-foreign					install
r-cran-kernsmooth				install
r-cran-lattice					install
r-cran-mass					install
r-cran-matrix					install
r-cran-mgcv					install
r-cran-nlme					install
r-cran-nnet					install
r-cran-rpart					install
r-cran-spatial					install
r-cran-survival					install
r-doc-html					install
r-recommended					install
rabbitmq-server					install
rake						install
readline-common					install
realvnc-vnc-viewer				install
redis-server					install
redis-tools					install
remmina						install
remmina-common					install
remmina-plugin-rdp:amd64			install
remmina-plugin-secret:amd64			install
remmina-plugin-vnc:amd64			install
rfkill						install
rhythmbox					install
rhythmbox-data					install
rhythmbox-plugin-alternative-toolbar		install
rhythmbox-plugins				install
rospack-tools					install
rstudio						install
rstudio-server					install
rsync						install
rsyslog						install
rtkit						install
ruby						install
ruby-did-you-mean				install
ruby-minitest					install
ruby-net-telnet					install
ruby-power-assert				install
ruby-test-unit					install
ruby2.5						install
rubygems-integration				install
samba-libs:amd64				install
sane-utils					install
sbcl						deinstall
sbsigntool					install
sbt						install
scala						install
scala-library					install
scala-parser-combinators			install
scala-xml					install
scour						install
screen						install
screen-resolution-extra				install
seahorse					install
secureboot-db					install
sed						install
sensible-utils					install
session-migration				install
sgml-base					install
shared-mime-info				install
shotwell					install
shotwell-common					install
silversearcher-ag				install
simple-scan					install
skypeforlinux					install
slack-desktop					install
snapd						install
sni-qt:amd64					install
socat						install
software-properties-common			install
software-properties-gtk				install
sound-icons					install
sound-theme-freedesktop				install
speech-dispatcher				install
speech-dispatcher-audio-plugins:amd64		install
speech-dispatcher-espeak-ng			install
spice-vdagent					install
squashfs-tools					install
ssh-import-id					install
ssl-cert					install
stk						install
strace						install
sudo						install
syslinux					install
syslinux-common					install
syslinux-legacy					install
sysstat						install
system-config-printer				install
system-config-printer-common			install
system-config-printer-udev			install
systemd						install
systemd-sysv					install
sysvinit-utils					install
t1utils						install
tango-icon-theme				install
tap-plugins					install
tar						install
tcl						install
tcl8.6						install
tcpdump						install
teams						install
telnet						install
tesseract-ocr					install
tesseract-ocr-eng				install
tesseract-ocr-osd				install
tex-common					install
tex-gyre					install
texlive						install
texlive-base					install
texlive-binaries				install
texlive-fonts-recommended			install
texlive-latex-base				install
texlive-latex-extra				install
texlive-latex-recommended			install
texlive-pictures				install
texlive-plain-generic				install
texlive-xetex					install
thermald					install
thunderbird					install
thunderbird-gnome-support			install
thunderbird-locale-en				install
thunderbird-locale-en-us			install
time						install
tipa						install
tk						install
tk8.6						install
tk8.6-blt2.5					install
totem						install
totem-common					install
totem-plugins					install
transmission-common				install
transmission-gtk				install
tree						install
ttf-bitstream-vera				install
tzdata						install
ubuntu-advantage-tools				install
ubuntu-artwork					install
ubuntu-desktop					install
ubuntu-docs					install
ubuntu-drivers-common				install
ubuntu-keyring					install
ubuntu-minimal					install
ubuntu-mono					install
ubuntu-release-upgrader-core			install
ubuntu-release-upgrader-gtk			install
ubuntu-report					install
ubuntu-restricted-addons			install
ubuntu-session					install
ubuntu-settings					install
ubuntu-software					install
ubuntu-sounds					install
ubuntu-standard					install
ubuntu-system-service				install
ubuntu-wallpapers				install
ubuntu-wallpapers-bionic			install
ucf						install
udev						install
udisks2						install
ufw						install
unattended-upgrades				install
unixodbc-dev:amd64				install
uno-libs3					install
unzip						install
update-inetd					install
update-manager					install
update-manager-core				install
update-notifier					install
update-notifier-common				install
upower						install
ure						install
ureadahead					install
usb-creator-common				install
usb-creator-gtk					install
usb-modeswitch					install
usb-modeswitch-data				install
usbmuxd						install
usbutils					install
util-linux					install
uuid-runtime					install
va-driver-all:amd64				install
va-driver-all:i386				install
vdpau-driver-all:amd64				install
vdpau-driver-all:i386				install
vim-common					install
vim-tiny					install
vino						install
vlc						install
vlc-bin						install
vlc-data					install
vlc-l10n					install
vlc-plugin-base:amd64				install
vlc-plugin-notify:amd64				install
vlc-plugin-qt:amd64				install
vlc-plugin-samba:amd64				install
vlc-plugin-skins2:amd64				install
vlc-plugin-video-output:amd64			install
vlc-plugin-video-splitter:amd64			install
vlc-plugin-visualization:amd64			install
wamerican					install
wayland-protocols				install
wbritish					install
wget						install
whiptail					install
whoopsie					install
whoopsie-preferences				install
wine-stable					install
wine-stable-amd64				install
wine-stable-i386:i386				install
winehq-stable					install
wireless-regdb					install
wireless-tools					install
wkhtmltopdf					install
wpasupplicant					install
x11-apps					install
x11-common					install
x11-session-utils				install
x11-utils					install
x11-xkb-utils					install
x11-xserver-utils				install
x11proto-composite-dev				install
x11proto-core-dev				install
x11proto-damage-dev				install
x11proto-dev					install
x11proto-fixes-dev				install
x11proto-input-dev				install
x11proto-randr-dev				install
x11proto-record-dev				install
x11proto-xext-dev				install
x11proto-xf86vidmode-dev			install
x11proto-xinerama-dev				install
xauth						install
xbacklight					install
xbitmaps					install
xbrlapi						install
xcursor-themes					install
xdg-desktop-portal				install
xdg-desktop-portal-gtk				install
xdg-user-dirs					install
xdg-user-dirs-gtk				install
xdg-utils					install
xfonts-base					install
xfonts-encodings				install
xfonts-scalable					install
xfonts-utils					install
xinit						install
xinput						install
xkb-data					install
xml-core					install
xorg						install
xorg-docs-core					install
xorg-sgml-doctools				install
xserver-common					install
xserver-xephyr					install
xserver-xorg-core-hwe-18.04			install
xserver-xorg-hwe-18.04				install
xserver-xorg-input-all-hwe-18.04		install
xserver-xorg-input-libinput-hwe-18.04		install
xserver-xorg-input-wacom-hwe-18.04		install
xserver-xorg-legacy-hwe-18.04			install
xserver-xorg-video-all-hwe-18.04		install
xserver-xorg-video-amdgpu-hwe-18.04		install
xserver-xorg-video-ati-hwe-18.04		install
xserver-xorg-video-fbdev-hwe-18.04		install
xserver-xorg-video-intel-hwe-18.04		install
xserver-xorg-video-nouveau-hwe-18.04		install
xserver-xorg-video-nvidia-450			install
xserver-xorg-video-qxl-hwe-18.04		install
xserver-xorg-video-radeon-hwe-18.04		install
xserver-xorg-video-vesa-hwe-18.04		install
xserver-xorg-video-vmware-hwe-18.04		install
xtrans-dev					install
xul-ext-ubufox					install
xwayland					install
xxd						install
xz-utils					install
yelp						install
yelp-xsl					install
zeitgeist-core					install
zenity						install
zenity-common					install
zip						install
zlib1g:amd64					install
zlib1g:i386					install
zlib1g-dev:amd64				install
zoom						install
zynaddsubfx					install
zynaddsubfx-data				install
